This is pdfTeX, Version 3.1415926-2.5-1.40.14 (MiKTeX 2.9) (preloaded format=pdflatex 2015.3.10)  27 NOV 2015 19:42
entering extended mode
**Guia14.tex
("C:\Users\Ery\Desktop\PDF R\Guia14.tex"
LaTeX2e <2011/06/27>
Babel <v3.8m> and hyphenation patterns for english, afrikaans, ancientgreek, ar
abic, armenian, assamese, basque, bengali, bokmal, bulgarian, catalan, coptic, 
croatian, czech, danish, dutch, esperanto, estonian, farsi, finnish, french, ga
lician, german, german-x-2013-05-26, greek, gujarati, hindi, hungarian, iceland
ic, indonesian, interlingua, irish, italian, kannada, kurmanji, latin, latvian,
 lithuanian, malayalam, marathi, mongolian, mongolianlmc, monogreek, ngerman, n
german-x-2013-05-26, nynorsk, oriya, panjabi, pinyin, polish, portuguese, roman
ian, russian, sanskrit, serbian, slovak, slovenian, spanish, swedish, swissgerm
an, tamil, telugu, turkish, turkmen, ukenglish, ukrainian, uppersorbian, usengl
ishmax, welsh, loaded.
("C:\Program Files (x86)\MiKTeX 2.9\tex\latex\base\article.cls"
Document Class: article 2007/10/19 v1.4h Standard LaTeX document class
("C:\Program Files (x86)\MiKTeX 2.9\tex\latex\base\size10.clo"
File: size10.clo 2007/10/19 v1.4h Standard LaTeX file (size option)
)
\c@part=\count79
\c@section=\count80
\c@subsection=\count81
\c@subsubsection=\count82
\c@paragraph=\count83
\c@subparagraph=\count84
\c@figure=\count85
\c@table=\count86
\abovecaptionskip=\skip41
\belowcaptionskip=\skip42
\bibindent=\dimen102
)
("C:\Program Files (x86)\MiKTeX 2.9\tex\latex\graphics\graphicx.sty"
Package: graphicx 1999/02/16 v1.0f Enhanced LaTeX Graphics (DPC,SPQR)

("C:\Program Files (x86)\MiKTeX 2.9\tex\latex\graphics\keyval.sty"
Package: keyval 1999/03/16 v1.13 key=value parser (DPC)
\KV@toks@=\toks14
)
("C:\Program Files (x86)\MiKTeX 2.9\tex\latex\graphics\graphics.sty"
Package: graphics 2009/02/05 v1.0o Standard LaTeX Graphics (DPC,SPQR)

("C:\Program Files (x86)\MiKTeX 2.9\tex\latex\graphics\trig.sty"
Package: trig 1999/03/16 v1.09 sin cos tan (DPC)
)
("C:\Program Files (x86)\MiKTeX 2.9\tex\latex\00miktex\graphics.cfg"
File: graphics.cfg 2007/01/18 v1.5 graphics configuration of teTeX/TeXLive
)
Package graphics Info: Driver file: pdftex.def on input line 91.

("C:\Program Files (x86)\MiKTeX 2.9\tex\latex\pdftex-def\pdftex.def"
File: pdftex.def 2011/05/27 v0.06d Graphics/color for pdfTeX

("C:\Program Files (x86)\MiKTeX 2.9\tex\generic\oberdiek\infwarerr.sty"
Package: infwarerr 2010/04/08 v1.3 Providing info/warning/error messages (HO)
)
("C:\Program Files (x86)\MiKTeX 2.9\tex\generic\oberdiek\ltxcmds.sty"
Package: ltxcmds 2011/11/09 v1.22 LaTeX kernel commands for general use (HO)
)
\Gread@gobject=\count87
))
\Gin@req@height=\dimen103
\Gin@req@width=\dimen104
)
("C:\Program Files (x86)\MiKTeX 2.9\tex\latex\graphics\color.sty"
Package: color 2005/11/14 v1.0j Standard LaTeX Color (DPC)

("C:\Program Files (x86)\MiKTeX 2.9\tex\latex\00miktex\color.cfg"
File: color.cfg 2007/01/18 v1.5 color configuration of teTeX/TeXLive
)
Package color Info: Driver file: pdftex.def on input line 130.
)
("C:\Users\Ery\Desktop\PDF R\framed.sty"
Package: framed 2011/10/22 v 0.96: framed or shaded text with page breaks
\OuterFrameSep=\skip43
\fb@frw=\dimen105
\fb@frh=\dimen106
\FrameRule=\dimen107
\FrameSep=\dimen108
)
("C:\Program Files (x86)\MiKTeX 2.9\tex\latex\base\alltt.sty"
Package: alltt 1997/06/16 v2.0g defines alltt environment
)
("C:\Program Files (x86)\MiKTeX 2.9\tex\latex\base\inputenc.sty"
Package: inputenc 2008/03/30 v1.1d Input encoding file
\inpenc@prehook=\toks15
\inpenc@posthook=\toks16

("C:\Program Files (x86)\MiKTeX 2.9\tex\latex\base\latin1.def"
File: latin1.def 2008/03/30 v1.1d Input encoding file
))
("C:\Program Files (x86)\MiKTeX 2.9\tex\latex\amsmath\amsmath.sty"
Package: amsmath 2013/01/14 v2.14 AMS math features
\@mathmargin=\skip44

For additional information on amsmath, use the `?' option.
("C:\Program Files (x86)\MiKTeX 2.9\tex\latex\amsmath\amstext.sty"
Package: amstext 2000/06/29 v2.01

("C:\Program Files (x86)\MiKTeX 2.9\tex\latex\amsmath\amsgen.sty"
File: amsgen.sty 1999/11/30 v2.0
\@emptytoks=\toks17
\ex@=\dimen109
))
("C:\Program Files (x86)\MiKTeX 2.9\tex\latex\amsmath\amsbsy.sty"
Package: amsbsy 1999/11/29 v1.2d
\pmbraise@=\dimen110
)
("C:\Program Files (x86)\MiKTeX 2.9\tex\latex\amsmath\amsopn.sty"
Package: amsopn 1999/12/14 v2.01 operator names
)
\inf@bad=\count88
LaTeX Info: Redefining \frac on input line 210.
\uproot@=\count89
\leftroot@=\count90
LaTeX Info: Redefining \overline on input line 306.
\classnum@=\count91
\DOTSCASE@=\count92
LaTeX Info: Redefining \ldots on input line 378.
LaTeX Info: Redefining \dots on input line 381.
LaTeX Info: Redefining \cdots on input line 466.
\Mathstrutbox@=\box26
\strutbox@=\box27
\big@size=\dimen111
LaTeX Font Info:    Redeclaring font encoding OML on input line 566.
LaTeX Font Info:    Redeclaring font encoding OMS on input line 567.
\macc@depth=\count93
\c@MaxMatrixCols=\count94
\dotsspace@=\muskip10
\c@parentequation=\count95
\dspbrk@lvl=\count96
\tag@help=\toks18
\row@=\count97
\column@=\count98
\maxfields@=\count99
\andhelp@=\toks19
\eqnshift@=\dimen112
\alignsep@=\dimen113
\tagshift@=\dimen114
\tagwidth@=\dimen115
\totwidth@=\dimen116
\lineht@=\dimen117
\@envbody=\toks20
\multlinegap=\skip45
\multlinetaggap=\skip46
\mathdisplay@stack=\toks21
LaTeX Info: Redefining \[ on input line 2665.
LaTeX Info: Redefining \] on input line 2666.
)
("C:\Program Files (x86)\MiKTeX 2.9\tex\latex\amsfonts\amsfonts.sty"
Package: amsfonts 2013/01/14 v3.01 Basic AMSFonts support
\symAMSa=\mathgroup4
\symAMSb=\mathgroup5
LaTeX Font Info:    Overwriting math alphabet `\mathfrak' in version `bold'
(Font)                  U/euf/m/n --> U/euf/b/n on input line 106.
)
("C:\Program Files (x86)\MiKTeX 2.9\tex\latex\amsfonts\amssymb.sty"
Package: amssymb 2013/01/14 v3.01 AMS font symbols
)
("C:\Program Files (x86)\MiKTeX 2.9\tex\latex\upquote\upquote.sty"
Package: upquote 2012/04/19 v1.3 upright-quote and grave-accent glyphs in verba
tim
)
("C:\Users\Ery\Desktop\PDF R\Guia14.aux")
LaTeX Font Info:    Checking defaults for OML/cmm/m/it on input line 58.
LaTeX Font Info:    ... okay on input line 58.
LaTeX Font Info:    Checking defaults for T1/cmr/m/n on input line 58.
LaTeX Font Info:    ... okay on input line 58.
LaTeX Font Info:    Checking defaults for OT1/cmr/m/n on input line 58.
LaTeX Font Info:    ... okay on input line 58.
LaTeX Font Info:    Checking defaults for OMS/cmsy/m/n on input line 58.
LaTeX Font Info:    ... okay on input line 58.
LaTeX Font Info:    Checking defaults for OMX/cmex/m/n on input line 58.
LaTeX Font Info:    ... okay on input line 58.
LaTeX Font Info:    Checking defaults for U/cmr/m/n on input line 58.
LaTeX Font Info:    ... okay on input line 58.

("C:\Program Files (x86)\MiKTeX 2.9\tex\context\base\supp-pdf.mkii"
[Loading MPS to PDF converter (version 2006.09.02).]
\scratchcounter=\count100
\scratchdimen=\dimen118
\scratchbox=\box28
\nofMPsegments=\count101
\nofMParguments=\count102
\everyMPshowfont=\toks22
\MPscratchCnt=\count103
\MPscratchDim=\dimen119
\MPnumerator=\count104
\makeMPintoPDFobject=\count105
\everyMPtoPDFconversion=\toks23
)
LaTeX Font Info:    Try loading font information for U+msa on input line 60.
 ("C:\Program Files (x86)\MiKTeX 2.9\tex\latex\amsfonts\umsa.fd"
File: umsa.fd 2013/01/14 v3.01 AMS symbols A
)
LaTeX Font Info:    Try loading font information for U+msb on input line 60.

("C:\Program Files (x86)\MiKTeX 2.9\tex\latex\amsfonts\umsb.fd"
File: umsb.fd 2013/01/14 v3.01 AMS symbols B
) [1

{C:/ProgramData/MiKTeX/2.9/pdftex/config/pdftex.map}]
Package color Info: Redefining color shadecolor on input line 69.

Overfull \hbox (97.73227pt too wide) in paragraph at lines 71--71
[][]\OT1/cmtt/m/it/10 #Si un estudiante responde al azar a un examen de 8 pregu
ntas de verdadero o falso. [][] 
 []

LaTeX Font Info:    Font shape `OT1/cmtt/bx/n' in size <10> not available
(Font)              Font shape `OT1/cmtt/m/n' tried instead on input line 73.
Package color Info: Redefining color shadecolor on input line 108.

Overfull \hbox (102.98222pt too wide) in paragraph at lines 110--110
[][]\OT1/cmtt/m/it/10 #Una cierta ?rea de Estados Unidos es afectada, en promed
io, por 6 huracanes al a?o. [][] 
 []


Overfull \hbox (97.73227pt too wide) in paragraph at lines 111--111
[][]\OT1/cmtt/m/it/10 #Encuentre la probabilidad de que en un determinado a?o e
sta ?rea sea afectada por: [][] 
 []


Overfull \hbox (13.733pt too wide) in paragraph at lines 139--139
[][]\OT1/cmtt/m/it/10 #de la variable aleatoria X que mide el n?mero de huracan
es por a?o.[][] 
 []

[2] <figure/unnamed-chunk-2-1.pdf, id=13, 505.89pt x 505.89pt>
File: figure/unnamed-chunk-2-1.pdf Graphic file (type pdf)

<use figure/unnamed-chunk-2-1.pdf>
Package pdftex.def Info: figure/unnamed-chunk-2-1.pdf used on input line 155.
(pdftex.def)             Requested size: 345.0pt x 345.00414pt.

Overfull \hbox (15.0pt too wide) in paragraph at lines 155--156
[][] 
 []

Package color Info: Redefining color shadecolor on input line 161.

Overfull \hbox (192.23145pt too wide) in paragraph at lines 163--163
[][]\OT1/cmtt/m/it/10 #En un juego se disponen 15 globos llenos de agua, delos 
que 4 tienen premio. Los participantes en el [][] 
 []


Overfull \hbox (223.73117pt too wide) in paragraph at lines 164--164
[][]\OT1/cmtt/m/it/10 #juego, con los ojos vendados, golpean los globos con un 
bate por orden hasta que cada uno consigue romper2.[][] 
 []


Overfull \hbox (55.73264pt too wide) in paragraph at lines 166--166
[][]\OT1/cmtt/m/it/10 #a) ?Cu?l es la probabilidad de que elprimer participante
 consiga un premio?[][] 
 []


Overfull \hbox (13.733pt too wide) in paragraph at lines 170--170
[][]\OT1/cmtt/m/it/10 # se construye la distribuci?n de frecuencias del n?mero 
de premios [][] 
 []


Overfull \hbox (11.99689pt too wide) in paragraph at lines 172--172
[][]\OT1/cmtt/m/n/10 rownames[][](Tabla)[] []<-[] []c[][]([][]"Ning?n premio"[]
[],[][]"Solamente uno"[][],[] []"Dos premios"[][])[][] 
 []


Overfull \hbox (155.48177pt too wide) in paragraph at lines 182--182
[][]\OT1/cmtt/m/it/10 #b) Si el primer participante ha conseguido s?lo un premi
o, ?cu?l es la probabilidad de que el [][] 
 []

[3 <C:/Users/Ery/Desktop/PDF R/figure/unnamed-chunk-2-1.pdf>]
Package color Info: Redefining color shadecolor on input line 195.

Overfull \hbox (81.9824pt too wide) in paragraph at lines 197--197
[][]\OT1/cmtt/m/it/10 #Un vendedor de alarmas de hogar tiene ?xito enuna casa d
e cada diez que visita. [][] 
 []


Overfull \hbox (150.23181pt too wide) in paragraph at lines 200--200
[][]\OT1/cmtt/m/it/10 #a) La probabilidad de que en un d?a determinado consiga 
vender la primera alarma en la sexta [][] 
 []


Overfull \hbox (134.48195pt too wide) in paragraph at lines 205--205
[][]\OT1/cmtt/m/it/10 # creando la tabla de distribuci?n de frecuencias del n?m
ero de intentos fallidos antes de [][] 
 []


Overfull \hbox (80.24629pt too wide) in paragraph at lines 210--210
[][]\OT1/cmtt/m/n/10 rownames[][](Tabla)[] []<-[] []c[][]([][]"Venta en el prim
er intento"[][],[] []"Venta en el segundo intento"[][],[][] 
 []


Overfull \hbox (81.9824pt too wide) in paragraph at lines 225--225
[][]\OT1/cmtt/m/it/10 #b) La probabilidad de que no venda ninguna despu?s de si
ete viviendas visitadas.[][] 
 []


Overfull \hbox (160.73172pt too wide) in paragraph at lines 233--233
[][]\OT1/cmtt/m/it/10 #c) Si se plantea vender tres alarmas, ?cu?l es la probab
ilidad deque consiga su objetivo en la [][] 
 []

[4]
Package color Info: Redefining color shadecolor on input line 255.

Overfull \hbox (12.14676pt too wide) in paragraph at lines 252--255
[]\OT1/cmr/m/n/10 GENERACION DE MUES-TRAS ALEATO-RIAS DE LAS DIS-TRIBU-CIONES
 []


Overfull \hbox (176.48158pt too wide) in paragraph at lines 257--257
[][]\OT1/cmtt/m/it/10 #Generar 100 n?meros aleatorios de una distribuci?n Binom
ial de par?metros n= 15 ensayos o pruebas [][] 
 []


Overfull \hbox (64.49643pt too wide) in paragraph at lines 269--269
[]\OT1/cmtt/m/n/10 ##   [1] 4 2 6 3 5 5 2 3 7 5 3 3 3 2 6 5 3 4 3 4 4 5 3 4 6 2
 8 4 3 2 2 4 2 4 3[] 
 []


Overfull \hbox (64.49643pt too wide) in paragraph at lines 269--269
[]\OT1/cmtt/m/n/10 ##  [36] 3 5 3 4 8 2 4 2 6 7 3 9 5 2 6 6 5 4 3 2 3 2 1 5 1 5
 5 6 2 2 4 3 3 2 3[] 
 []


Overfull \hbox (11.99689pt too wide) in paragraph at lines 269--269
[]\OT1/cmtt/m/n/10 ##  [71] 4 5 4 2 4 2 4 1 5 4 5 3 4 2 4 2 7 1 6 4 4 4 4 5 2 1
 1 3 3 5[] 
 []


Overfull \hbox (27.74675pt too wide) in paragraph at lines 272--272
[][]\OT1/cmtt/m/n/10 hist[][](x,[] []main[][]=[][]"X ~ Binomial(n=15, p=0.25)"[
][],[] []xlab[][]=[][]"X = N?mero de ?xitos"[][],[][] 
 []


Overfull \hbox (34.73282pt too wide) in paragraph at lines 275--275
[][]\OT1/cmtt/m/it/10 # Graficar la funci?n de probabilidad te?rica, use la fun
ci?n points(), [][] 
 []

<figure/unnamed-chunk-5-1.pdf, id=26, 505.89pt x 505.89pt>
File: figure/unnamed-chunk-5-1.pdf Graphic file (type pdf)

<use figure/unnamed-chunk-5-1.pdf>
Package pdftex.def Info: figure/unnamed-chunk-5-1.pdf used on input line 281.
(pdftex.def)             Requested size: 345.0pt x 345.00414pt.

Overfull \hbox (15.0pt too wide) in paragraph at lines 281--282
[][] 
 []

[5]
Package color Info: Redefining color shadecolor on input line 287.

Overfull \hbox (29.48286pt too wide) in paragraph at lines 289--289
[][]\OT1/cmtt/m/it/10 #Generar 100 n?meros aleatorios de una distribuci?n Poiss
on con 200000 [][] 
 []


Overfull \hbox (59.24648pt too wide) in paragraph at lines 304--304
[]\OT1/cmtt/m/n/10 ##   [1]  7  6 10  6  5  7  5  5  4  7  5  4  6  7  5  3  9 
 7  4  1 10  5  4[] 
 []


Overfull \hbox (59.24648pt too wide) in paragraph at lines 304--304
[]\OT1/cmtt/m/n/10 ##  [24]  5 10  7  2  5  6  7  9  8  4  8  6  3  5  5  6  5 
 5  4  8  3 13  2[] 
 []


Overfull \hbox (59.24648pt too wide) in paragraph at lines 304--304
[]\OT1/cmtt/m/n/10 ##  [47]  5  6  3  2  2  8  6  4  6  5  8  3  4  8  8  6  9 
 7  7  7  7  6  4[] 
 []


Overfull \hbox (59.24648pt too wide) in paragraph at lines 304--304
[]\OT1/cmtt/m/n/10 ##  [70]  3  8  6  4  9  7  5  3 13  8  6  4  8  6  6  7  6 
 6  8  7  9 11  4[] 
 []


Overfull \hbox (158.9956pt too wide) in paragraph at lines 307--308
[][]\OT1/cmtt/m/n/10 hist[][](x,[] []main[][]=[][]expression[][]([][]paste[][](
[][]"X ~ Poisson( "[][], lambda,[] []" = 6 )"[][])),[] []xlab[][]=[][]"X = N?me
ro de eventos a[] 
 []


Overfull \hbox (69.74638pt too wide) in paragraph at lines 308--308
[]\OT1/cmtt/m/n/10 una tasa constante"[][],[] []ylab[][]=[][]"masa de probabili
dad"[][],[] []probability[][]=[][]TRUE[][],[] []col[][]=[][]"gray"[][])[][] 
 []


Overfull \hbox (24.23291pt too wide) in paragraph at lines 310--310
[][]\OT1/cmtt/m/it/10 # Graficar la funci?n de probabilidadte?rica, use la func
i?n points() [][] 
 []

[6 <C:/Users/Ery/Desktop/PDF R/figure/unnamed-chunk-5-1.pdf>]
<figure/unnamed-chunk-6-1.pdf, id=39, 505.89pt x 505.89pt>
File: figure/unnamed-chunk-6-1.pdf Graphic file (type pdf)

<use figure/unnamed-chunk-6-1.pdf>
Package pdftex.def Info: figure/unnamed-chunk-6-1.pdf used on input line 315.
(pdftex.def)             Requested size: 345.0pt x 345.00414pt.

Overfull \hbox (15.0pt too wide) in paragraph at lines 315--316
[][] 
 []

[7 <C:/Users/Ery/Desktop/PDF R/figure/unnamed-chunk-6-1.pdf>]
("C:\Users\Ery\Desktop\PDF R\Guia14.aux") ) 
Here is how much of TeX's memory you used:
 2208 strings out of 493921
 28055 string characters out of 3144882
 87085 words of memory out of 3000000
 5483 multiletter control sequences out of 15000+200000
 8920 words of font info for 35 fonts, out of 3000000 for 9000
 841 hyphenation exceptions out of 8191
 27i,7n,24p,298b,245s stack positions out of 5000i,500n,10000p,200000b,50000s
<C:/Program Files (x86)/MiKTeX 2.9/f
onts/type1/public/amsfonts/cm/cmitt10.pfb><C:/Program Files (x86)/MiKTeX 2.9/fo
nts/type1/public/amsfonts/cm/cmr10.pfb><C:/Program Files (x86)/MiKTeX 2.9/fonts
/type1/public/amsfonts/cm/cmr12.pfb><C:/Program Files (x86)/MiKTeX 2.9/fonts/ty
pe1/public/amsfonts/cm/cmr17.pfb><C:/Program Files (x86)/MiKTeX 2.9/fonts/type1
/public/amsfonts/cm/cmtt10.pfb>
Output written on Guia14.pdf (7 pages, 96896 bytes).
PDF statistics:
 67 PDF objects out of 1000 (max. 8388607)
 0 named destinations out of 1000 (max. 500000)
 16 words of extra memory for PDF output out of 10000 (max. 10000000)

