This is pdfTeX, Version 3.1415926-2.5-1.40.14 (MiKTeX 2.9) (preloaded format=pdflatex 2015.3.10)  27 NOV 2015 20:22
entering extended mode
**Guia23.tex
("C:\Users\Ery\Desktop\PDF R\Guia23.tex"
LaTeX2e <2011/06/27>
Babel <v3.8m> and hyphenation patterns for english, afrikaans, ancientgreek, ar
abic, armenian, assamese, basque, bengali, bokmal, bulgarian, catalan, coptic, 
croatian, czech, danish, dutch, esperanto, estonian, farsi, finnish, french, ga
lician, german, german-x-2013-05-26, greek, gujarati, hindi, hungarian, iceland
ic, indonesian, interlingua, irish, italian, kannada, kurmanji, latin, latvian,
 lithuanian, malayalam, marathi, mongolian, mongolianlmc, monogreek, ngerman, n
german-x-2013-05-26, nynorsk, oriya, panjabi, pinyin, polish, portuguese, roman
ian, russian, sanskrit, serbian, slovak, slovenian, spanish, swedish, swissgerm
an, tamil, telugu, turkish, turkmen, ukenglish, ukrainian, uppersorbian, usengl
ishmax, welsh, loaded.
("C:\Program Files (x86)\MiKTeX 2.9\tex\latex\base\article.cls"
Document Class: article 2007/10/19 v1.4h Standard LaTeX document class
("C:\Program Files (x86)\MiKTeX 2.9\tex\latex\base\size10.clo"
File: size10.clo 2007/10/19 v1.4h Standard LaTeX file (size option)
)
\c@part=\count79
\c@section=\count80
\c@subsection=\count81
\c@subsubsection=\count82
\c@paragraph=\count83
\c@subparagraph=\count84
\c@figure=\count85
\c@table=\count86
\abovecaptionskip=\skip41
\belowcaptionskip=\skip42
\bibindent=\dimen102
)
("C:\Program Files (x86)\MiKTeX 2.9\tex\latex\graphics\graphicx.sty"
Package: graphicx 1999/02/16 v1.0f Enhanced LaTeX Graphics (DPC,SPQR)

("C:\Program Files (x86)\MiKTeX 2.9\tex\latex\graphics\keyval.sty"
Package: keyval 1999/03/16 v1.13 key=value parser (DPC)
\KV@toks@=\toks14
)
("C:\Program Files (x86)\MiKTeX 2.9\tex\latex\graphics\graphics.sty"
Package: graphics 2009/02/05 v1.0o Standard LaTeX Graphics (DPC,SPQR)

("C:\Program Files (x86)\MiKTeX 2.9\tex\latex\graphics\trig.sty"
Package: trig 1999/03/16 v1.09 sin cos tan (DPC)
)
("C:\Program Files (x86)\MiKTeX 2.9\tex\latex\00miktex\graphics.cfg"
File: graphics.cfg 2007/01/18 v1.5 graphics configuration of teTeX/TeXLive
)
Package graphics Info: Driver file: pdftex.def on input line 91.

("C:\Program Files (x86)\MiKTeX 2.9\tex\latex\pdftex-def\pdftex.def"
File: pdftex.def 2011/05/27 v0.06d Graphics/color for pdfTeX

("C:\Program Files (x86)\MiKTeX 2.9\tex\generic\oberdiek\infwarerr.sty"
Package: infwarerr 2010/04/08 v1.3 Providing info/warning/error messages (HO)
)
("C:\Program Files (x86)\MiKTeX 2.9\tex\generic\oberdiek\ltxcmds.sty"
Package: ltxcmds 2011/11/09 v1.22 LaTeX kernel commands for general use (HO)
)
\Gread@gobject=\count87
))
\Gin@req@height=\dimen103
\Gin@req@width=\dimen104
)
("C:\Program Files (x86)\MiKTeX 2.9\tex\latex\graphics\color.sty"
Package: color 2005/11/14 v1.0j Standard LaTeX Color (DPC)

("C:\Program Files (x86)\MiKTeX 2.9\tex\latex\00miktex\color.cfg"
File: color.cfg 2007/01/18 v1.5 color configuration of teTeX/TeXLive
)
Package color Info: Driver file: pdftex.def on input line 130.
)
("C:\Users\Ery\Desktop\PDF R\framed.sty"
Package: framed 2011/10/22 v 0.96: framed or shaded text with page breaks
\OuterFrameSep=\skip43
\fb@frw=\dimen105
\fb@frh=\dimen106
\FrameRule=\dimen107
\FrameSep=\dimen108
)
("C:\Program Files (x86)\MiKTeX 2.9\tex\latex\base\alltt.sty"
Package: alltt 1997/06/16 v2.0g defines alltt environment
)
("C:\Program Files (x86)\MiKTeX 2.9\tex\latex\base\inputenc.sty"
Package: inputenc 2008/03/30 v1.1d Input encoding file
\inpenc@prehook=\toks15
\inpenc@posthook=\toks16

("C:\Program Files (x86)\MiKTeX 2.9\tex\latex\base\latin1.def"
File: latin1.def 2008/03/30 v1.1d Input encoding file
))
("C:\Program Files (x86)\MiKTeX 2.9\tex\latex\amsmath\amsmath.sty"
Package: amsmath 2013/01/14 v2.14 AMS math features
\@mathmargin=\skip44

For additional information on amsmath, use the `?' option.
("C:\Program Files (x86)\MiKTeX 2.9\tex\latex\amsmath\amstext.sty"
Package: amstext 2000/06/29 v2.01

("C:\Program Files (x86)\MiKTeX 2.9\tex\latex\amsmath\amsgen.sty"
File: amsgen.sty 1999/11/30 v2.0
\@emptytoks=\toks17
\ex@=\dimen109
))
("C:\Program Files (x86)\MiKTeX 2.9\tex\latex\amsmath\amsbsy.sty"
Package: amsbsy 1999/11/29 v1.2d
\pmbraise@=\dimen110
)
("C:\Program Files (x86)\MiKTeX 2.9\tex\latex\amsmath\amsopn.sty"
Package: amsopn 1999/12/14 v2.01 operator names
)
\inf@bad=\count88
LaTeX Info: Redefining \frac on input line 210.
\uproot@=\count89
\leftroot@=\count90
LaTeX Info: Redefining \overline on input line 306.
\classnum@=\count91
\DOTSCASE@=\count92
LaTeX Info: Redefining \ldots on input line 378.
LaTeX Info: Redefining \dots on input line 381.
LaTeX Info: Redefining \cdots on input line 466.
\Mathstrutbox@=\box26
\strutbox@=\box27
\big@size=\dimen111
LaTeX Font Info:    Redeclaring font encoding OML on input line 566.
LaTeX Font Info:    Redeclaring font encoding OMS on input line 567.
\macc@depth=\count93
\c@MaxMatrixCols=\count94
\dotsspace@=\muskip10
\c@parentequation=\count95
\dspbrk@lvl=\count96
\tag@help=\toks18
\row@=\count97
\column@=\count98
\maxfields@=\count99
\andhelp@=\toks19
\eqnshift@=\dimen112
\alignsep@=\dimen113
\tagshift@=\dimen114
\tagwidth@=\dimen115
\totwidth@=\dimen116
\lineht@=\dimen117
\@envbody=\toks20
\multlinegap=\skip45
\multlinetaggap=\skip46
\mathdisplay@stack=\toks21
LaTeX Info: Redefining \[ on input line 2665.
LaTeX Info: Redefining \] on input line 2666.
)
("C:\Program Files (x86)\MiKTeX 2.9\tex\latex\amsfonts\amsfonts.sty"
Package: amsfonts 2013/01/14 v3.01 Basic AMSFonts support
\symAMSa=\mathgroup4
\symAMSb=\mathgroup5
LaTeX Font Info:    Overwriting math alphabet `\mathfrak' in version `bold'
(Font)                  U/euf/m/n --> U/euf/b/n on input line 106.
)
("C:\Program Files (x86)\MiKTeX 2.9\tex\latex\amsfonts\amssymb.sty"
Package: amssymb 2013/01/14 v3.01 AMS font symbols
)
("C:\Program Files (x86)\MiKTeX 2.9\tex\latex\upquote\upquote.sty"
Package: upquote 2012/04/19 v1.3 upright-quote and grave-accent glyphs in verba
tim
)
("C:\Users\Ery\Desktop\PDF R\Guia23.aux")
LaTeX Font Info:    Checking defaults for OML/cmm/m/it on input line 58.
LaTeX Font Info:    ... okay on input line 58.
LaTeX Font Info:    Checking defaults for T1/cmr/m/n on input line 58.
LaTeX Font Info:    ... okay on input line 58.
LaTeX Font Info:    Checking defaults for OT1/cmr/m/n on input line 58.
LaTeX Font Info:    ... okay on input line 58.
LaTeX Font Info:    Checking defaults for OMS/cmsy/m/n on input line 58.
LaTeX Font Info:    ... okay on input line 58.
LaTeX Font Info:    Checking defaults for OMX/cmex/m/n on input line 58.
LaTeX Font Info:    ... okay on input line 58.
LaTeX Font Info:    Checking defaults for U/cmr/m/n on input line 58.
LaTeX Font Info:    ... okay on input line 58.

("C:\Program Files (x86)\MiKTeX 2.9\tex\context\base\supp-pdf.mkii"
[Loading MPS to PDF converter (version 2006.09.02).]
\scratchcounter=\count100
\scratchdimen=\dimen118
\scratchbox=\box28
\nofMPsegments=\count101
\nofMParguments=\count102
\everyMPshowfont=\toks22
\MPscratchCnt=\count103
\MPscratchDim=\dimen119
\MPnumerator=\count104
\makeMPintoPDFobject=\count105
\everyMPtoPDFconversion=\toks23
)
LaTeX Font Info:    Try loading font information for U+msa on input line 60.
 ("C:\Program Files (x86)\MiKTeX 2.9\tex\latex\amsfonts\umsa.fd"
File: umsa.fd 2013/01/14 v3.01 AMS symbols A
)
LaTeX Font Info:    Try loading font information for U+msb on input line 60.

("C:\Program Files (x86)\MiKTeX 2.9\tex\latex\amsfonts\umsb.fd"
File: umsb.fd 2013/01/14 v3.01 AMS symbols B
) [1

{C:/ProgramData/MiKTeX/2.9/pdftex/config/pdftex.map}]
Package color Info: Redefining color shadecolor on input line 69.

Overfull \hbox (171.23163pt too wide) in paragraph at lines 71--71
[][]\OT1/cmtt/m/it/10 #Volviendo al problema de la importancia del estadonutric
ional (introducido en la practica 21) en [][] 
 []


Overfull \hbox (160.73172pt too wide) in paragraph at lines 72--72
[][]\OT1/cmtt/m/it/10 #pacientes diab?ticos (pacientes) y saludables (grupo con
trol) con complicaciones. Los datos se [][] 
 []


Overfull \hbox (171.23163pt too wide) in paragraph at lines 79--79
[][]\OT1/cmtt/m/it/10 #En lenguaje R est? implementada la prueba t, el siguient
e c?digo ejemplo la calcula para las dos [][] 
 []


Overfull \hbox (34.73282pt too wide) in paragraph at lines 82--82
[][]\OT1/cmtt/m/it/10 # Primero digitamos las observaciones correspondientes a 
ambas muestras [][] 
 []

LaTeX Font Info:    Font shape `OT1/cmtt/bx/n' in size <10> not available
(Font)              Font shape `OT1/cmtt/m/n' tried instead on input line 83.

Overfull \hbox (211.49515pt too wide) in paragraph at lines 83--83
[][]\OT1/cmtt/m/n/10 IMC_Control[] []<-[] []c[][]([][]23.6[][],[] []22.7[][],[]
 []21.2[][],[] []21.7[][],[] []20.7[][],[] []22.0[][],[] []21.8[][],[] []24.2[]
[],[] []20.1[][],[] []21.3[][],[] []20.5[][],[] []21.1[][],[] []21.4[][],[] []2
2.2[][],[] []22.6[][],[][] 
 []


Overfull \hbox (190.49533pt too wide) in paragraph at lines 85--85
[][]\OT1/cmtt/m/n/10 IMC_Pacientes[] []<-[] []c[][]([][]25.6[][],[] []22.7[][],
[] []25.9[][],[] []24.3[][],[] []25.2[][],[] []29.6[][],[] []21.3[][],[] []25.5
[][],[] []27.4[][],[] []22.3[][],[] []24.4[][],[] []23.7[][],[] []20.6[][],[] [
]22.8[][])[][] 
 []


Overfull \hbox (17.24684pt too wide) in paragraph at lines 102--102
[]\OT1/cmtt/m/n/10 ## alternative hypothesis: true difference in means is not e
qual to 0[] 
 []


Overfull \hbox (181.73154pt too wide) in paragraph at lines 104--104
[][]\OT1/cmtt/m/it/10 #Se concluye entonces que existe diferencia significativa
 en el IMC para ambos grupos de pacientes, [][] 
 []


Overfull \hbox (150.23181pt too wide) in paragraph at lines 108--108
[][]\OT1/cmtt/m/it/10 #Se cuenta con los datos simulados (con fines did?cticos)
, de las observaciones de la presi?n [][] 
 []


Overfull \hbox (197.4814pt too wide) in paragraph at lines 109--109
[][]\OT1/cmtt/m/it/10 #arterial sist?lica (PAS) en un grupo de 10 pacientes ant
es y despu?s de un tratamiento consistente en [][] 
 []


Overfull \hbox (160.73172pt too wide) in paragraph at lines 116--116
[][]\OT1/cmtt/m/it/10 #El c?digo en lenguaje R para calcular la prueba t para d
os muestras apareadas es el siguiente: [][] 
 []


Overfull \hbox (22.4968pt too wide) in paragraph at lines 152--152
[][]\OT1/cmtt/m/n/10 ks.test[][](PAS.despues,[][]"pnorm"[][],[][]mean[][]=[][]m
ean[][](PAS.despues),[][]sd[][]=[][]sd[][](PAS.despues))[][] 
 []


Overfull \hbox (17.24684pt too wide) in paragraph at lines 178--178
[]\OT1/cmtt/m/n/10 ## alternative hypothesis: true difference in means is not e
qual to 0[] 
 []


Overfull \hbox (223.73117pt too wide) in paragraph at lines 180--180
[][]\OT1/cmtt/m/it/10 #El valor del estad?stico t es 4.0552, con gl = 9, P = 0.
0029. Con estos resultados se rechaza  0 Hy por lo [][] 
 []


Overfull \hbox (197.4814pt too wide) in paragraph at lines 181--181
[][]\OT1/cmtt/m/it/10 #tanto se concluye que la PAS antes y despu?s del tratami
ento es distinta, es decir, el tratamiento ha [][] 
 []


Overfull \hbox (144.98186pt too wide) in paragraph at lines 186--186
[][]\OT1/cmtt/m/it/10 #El director de una sucursal de una compa??a deseguros es
pera que dos de sus mejores agentes [][] 
 []


Overfull \hbox (55.73264pt too wide) in paragraph at lines 187--187
[][]\OT1/cmtt/m/it/10 #consigan formalizar por t?rmino medio el mismo n?mero de
 p?lizas mensuales.[][] 
 []


Overfull \hbox (108.23218pt too wide) in paragraph at lines 188--188
[][]\OT1/cmtt/m/it/10 #Los datos indican las p?lizas formalizadas en los ?ltimo
s 5 meses por ambos agentes. [][] 
 []


Overfull \hbox (11.99689pt too wide) in paragraph at lines 209--209
[]\OT1/cmtt/m/n/10 ## alternative hypothesis: true ratio of variances is not eq
ual to 1[] 
 []

[2] [3] [4] ("C:\Users\Ery\Desktop\PDF R\Guia23.aux") ) 
Here is how much of TeX's memory you used:
 2191 strings out of 493921
 27588 string characters out of 3144882
 94759 words of memory out of 3000000
 5471 multiletter control sequences out of 15000+200000
 8920 words of font info for 35 fonts, out of 3000000 for 9000
 841 hyphenation exceptions out of 8191
 27i,7n,24p,408b,245s stack positions out of 5000i,500n,10000p,200000b,50000s
<C:/Program Files (x86)/
MiKTeX 2.9/fonts/type1/public/amsfonts/cm/cmitt10.pfb><C:/Program Files (x86)/M
iKTeX 2.9/fonts/type1/public/amsfonts/cm/cmr10.pfb><C:/Program Files (x86)/MiKT
eX 2.9/fonts/type1/public/amsfonts/cm/cmr12.pfb><C:/Program Files (x86)/MiKTeX 
2.9/fonts/type1/public/amsfonts/cm/cmr17.pfb><C:/Program Files (x86)/MiKTeX 2.9
/fonts/type1/public/amsfonts/cm/cmtt10.pfb>
Output written on Guia23.pdf (4 pages, 75555 bytes).
PDF statistics:
 35 PDF objects out of 1000 (max. 8388607)
 0 named destinations out of 1000 (max. 500000)
 1 words of extra memory for PDF output out of 10000 (max. 10000000)

