This is pdfTeX, Version 3.1415926-2.5-1.40.14 (MiKTeX 2.9) (preloaded format=pdflatex 2015.3.10)  27 NOV 2015 19:30
entering extended mode
**Guia11.tex
("C:\Users\Ery\Desktop\PDF R\Guia11.tex"
LaTeX2e <2011/06/27>
Babel <v3.8m> and hyphenation patterns for english, afrikaans, ancientgreek, ar
abic, armenian, assamese, basque, bengali, bokmal, bulgarian, catalan, coptic, 
croatian, czech, danish, dutch, esperanto, estonian, farsi, finnish, french, ga
lician, german, german-x-2013-05-26, greek, gujarati, hindi, hungarian, iceland
ic, indonesian, interlingua, irish, italian, kannada, kurmanji, latin, latvian,
 lithuanian, malayalam, marathi, mongolian, mongolianlmc, monogreek, ngerman, n
german-x-2013-05-26, nynorsk, oriya, panjabi, pinyin, polish, portuguese, roman
ian, russian, sanskrit, serbian, slovak, slovenian, spanish, swedish, swissgerm
an, tamil, telugu, turkish, turkmen, ukenglish, ukrainian, uppersorbian, usengl
ishmax, welsh, loaded.
("C:\Program Files (x86)\MiKTeX 2.9\tex\latex\base\article.cls"
Document Class: article 2007/10/19 v1.4h Standard LaTeX document class
("C:\Program Files (x86)\MiKTeX 2.9\tex\latex\base\size10.clo"
File: size10.clo 2007/10/19 v1.4h Standard LaTeX file (size option)
)
\c@part=\count79
\c@section=\count80
\c@subsection=\count81
\c@subsubsection=\count82
\c@paragraph=\count83
\c@subparagraph=\count84
\c@figure=\count85
\c@table=\count86
\abovecaptionskip=\skip41
\belowcaptionskip=\skip42
\bibindent=\dimen102
)
("C:\Program Files (x86)\MiKTeX 2.9\tex\latex\graphics\graphicx.sty"
Package: graphicx 1999/02/16 v1.0f Enhanced LaTeX Graphics (DPC,SPQR)

("C:\Program Files (x86)\MiKTeX 2.9\tex\latex\graphics\keyval.sty"
Package: keyval 1999/03/16 v1.13 key=value parser (DPC)
\KV@toks@=\toks14
)
("C:\Program Files (x86)\MiKTeX 2.9\tex\latex\graphics\graphics.sty"
Package: graphics 2009/02/05 v1.0o Standard LaTeX Graphics (DPC,SPQR)

("C:\Program Files (x86)\MiKTeX 2.9\tex\latex\graphics\trig.sty"
Package: trig 1999/03/16 v1.09 sin cos tan (DPC)
)
("C:\Program Files (x86)\MiKTeX 2.9\tex\latex\00miktex\graphics.cfg"
File: graphics.cfg 2007/01/18 v1.5 graphics configuration of teTeX/TeXLive
)
Package graphics Info: Driver file: pdftex.def on input line 91.

("C:\Program Files (x86)\MiKTeX 2.9\tex\latex\pdftex-def\pdftex.def"
File: pdftex.def 2011/05/27 v0.06d Graphics/color for pdfTeX

("C:\Program Files (x86)\MiKTeX 2.9\tex\generic\oberdiek\infwarerr.sty"
Package: infwarerr 2010/04/08 v1.3 Providing info/warning/error messages (HO)
)
("C:\Program Files (x86)\MiKTeX 2.9\tex\generic\oberdiek\ltxcmds.sty"
Package: ltxcmds 2011/11/09 v1.22 LaTeX kernel commands for general use (HO)
)
\Gread@gobject=\count87
))
\Gin@req@height=\dimen103
\Gin@req@width=\dimen104
)
("C:\Program Files (x86)\MiKTeX 2.9\tex\latex\graphics\color.sty"
Package: color 2005/11/14 v1.0j Standard LaTeX Color (DPC)

("C:\Program Files (x86)\MiKTeX 2.9\tex\latex\00miktex\color.cfg"
File: color.cfg 2007/01/18 v1.5 color configuration of teTeX/TeXLive
)
Package color Info: Driver file: pdftex.def on input line 130.
)
("C:\Users\Ery\Desktop\PDF R\framed.sty"
Package: framed 2011/10/22 v 0.96: framed or shaded text with page breaks
\OuterFrameSep=\skip43
\fb@frw=\dimen105
\fb@frh=\dimen106
\FrameRule=\dimen107
\FrameSep=\dimen108
)
("C:\Program Files (x86)\MiKTeX 2.9\tex\latex\base\alltt.sty"
Package: alltt 1997/06/16 v2.0g defines alltt environment
)
("C:\Program Files (x86)\MiKTeX 2.9\tex\latex\base\inputenc.sty"
Package: inputenc 2008/03/30 v1.1d Input encoding file
\inpenc@prehook=\toks15
\inpenc@posthook=\toks16

("C:\Program Files (x86)\MiKTeX 2.9\tex\latex\base\latin1.def"
File: latin1.def 2008/03/30 v1.1d Input encoding file
))
("C:\Program Files (x86)\MiKTeX 2.9\tex\latex\amsmath\amsmath.sty"
Package: amsmath 2013/01/14 v2.14 AMS math features
\@mathmargin=\skip44

For additional information on amsmath, use the `?' option.
("C:\Program Files (x86)\MiKTeX 2.9\tex\latex\amsmath\amstext.sty"
Package: amstext 2000/06/29 v2.01

("C:\Program Files (x86)\MiKTeX 2.9\tex\latex\amsmath\amsgen.sty"
File: amsgen.sty 1999/11/30 v2.0
\@emptytoks=\toks17
\ex@=\dimen109
))
("C:\Program Files (x86)\MiKTeX 2.9\tex\latex\amsmath\amsbsy.sty"
Package: amsbsy 1999/11/29 v1.2d
\pmbraise@=\dimen110
)
("C:\Program Files (x86)\MiKTeX 2.9\tex\latex\amsmath\amsopn.sty"
Package: amsopn 1999/12/14 v2.01 operator names
)
\inf@bad=\count88
LaTeX Info: Redefining \frac on input line 210.
\uproot@=\count89
\leftroot@=\count90
LaTeX Info: Redefining \overline on input line 306.
\classnum@=\count91
\DOTSCASE@=\count92
LaTeX Info: Redefining \ldots on input line 378.
LaTeX Info: Redefining \dots on input line 381.
LaTeX Info: Redefining \cdots on input line 466.
\Mathstrutbox@=\box26
\strutbox@=\box27
\big@size=\dimen111
LaTeX Font Info:    Redeclaring font encoding OML on input line 566.
LaTeX Font Info:    Redeclaring font encoding OMS on input line 567.
\macc@depth=\count93
\c@MaxMatrixCols=\count94
\dotsspace@=\muskip10
\c@parentequation=\count95
\dspbrk@lvl=\count96
\tag@help=\toks18
\row@=\count97
\column@=\count98
\maxfields@=\count99
\andhelp@=\toks19
\eqnshift@=\dimen112
\alignsep@=\dimen113
\tagshift@=\dimen114
\tagwidth@=\dimen115
\totwidth@=\dimen116
\lineht@=\dimen117
\@envbody=\toks20
\multlinegap=\skip45
\multlinetaggap=\skip46
\mathdisplay@stack=\toks21
LaTeX Info: Redefining \[ on input line 2665.
LaTeX Info: Redefining \] on input line 2666.
)
("C:\Program Files (x86)\MiKTeX 2.9\tex\latex\amsfonts\amsfonts.sty"
Package: amsfonts 2013/01/14 v3.01 Basic AMSFonts support
\symAMSa=\mathgroup4
\symAMSb=\mathgroup5
LaTeX Font Info:    Overwriting math alphabet `\mathfrak' in version `bold'
(Font)                  U/euf/m/n --> U/euf/b/n on input line 106.
)
("C:\Program Files (x86)\MiKTeX 2.9\tex\latex\amsfonts\amssymb.sty"
Package: amssymb 2013/01/14 v3.01 AMS font symbols
)
("C:\Program Files (x86)\MiKTeX 2.9\tex\latex\upquote\upquote.sty"
Package: upquote 2012/04/19 v1.3 upright-quote and grave-accent glyphs in verba
tim
)
("C:\Users\Ery\Desktop\PDF R\Guia11.aux")
LaTeX Font Info:    Checking defaults for OML/cmm/m/it on input line 58.
LaTeX Font Info:    ... okay on input line 58.
LaTeX Font Info:    Checking defaults for T1/cmr/m/n on input line 58.
LaTeX Font Info:    ... okay on input line 58.
LaTeX Font Info:    Checking defaults for OT1/cmr/m/n on input line 58.
LaTeX Font Info:    ... okay on input line 58.
LaTeX Font Info:    Checking defaults for OMS/cmsy/m/n on input line 58.
LaTeX Font Info:    ... okay on input line 58.
LaTeX Font Info:    Checking defaults for OMX/cmex/m/n on input line 58.
LaTeX Font Info:    ... okay on input line 58.
LaTeX Font Info:    Checking defaults for U/cmr/m/n on input line 58.
LaTeX Font Info:    ... okay on input line 58.

("C:\Program Files (x86)\MiKTeX 2.9\tex\context\base\supp-pdf.mkii"
[Loading MPS to PDF converter (version 2006.09.02).]
\scratchcounter=\count100
\scratchdimen=\dimen118
\scratchbox=\box28
\nofMPsegments=\count101
\nofMParguments=\count102
\everyMPshowfont=\toks22
\MPscratchCnt=\count103
\MPscratchDim=\dimen119
\MPnumerator=\count104
\makeMPintoPDFobject=\count105
\everyMPtoPDFconversion=\toks23
)
LaTeX Font Info:    Try loading font information for U+msa on input line 60.
 ("C:\Program Files (x86)\MiKTeX 2.9\tex\latex\amsfonts\umsa.fd"
File: umsa.fd 2013/01/14 v3.01 AMS symbols A
)
LaTeX Font Info:    Try loading font information for U+msb on input line 60.

("C:\Program Files (x86)\MiKTeX 2.9\tex\latex\amsfonts\umsb.fd"
File: umsb.fd 2013/01/14 v3.01 AMS symbols B
) [1

{C:/ProgramData/MiKTeX/2.9/pdftex/config/pdftex.map}]
Package color Info: Redefining color shadecolor on input line 70.
LaTeX Font Info:    Font shape `OT1/cmtt/bx/n' in size <10> not available
(Font)              Font shape `OT1/cmtt/m/n' tried instead on input line 73.

Overfull \hbox (71.4825pt too wide) in paragraph at lines 85--85
[][]\OT1/cmtt/m/it/10 #Crea una hoja de datos que tenga comocomponentes o colum
nas los dos vectores. [][] 
 []


Overfull \hbox (174.74547pt too wide) in paragraph at lines 106--106
[][]\OT1/cmtt/m/n/10 write.table[][](Estudia,[] []file[][]=[][]"Estudia.txt"[][
],[] []append[][]=[][]FALSE[][],[] []quote[][]=[][]TRUE[][],[] []sep[][]=[][]" 
"[][],[] []na[][]=[][]"NA"[][],[][]col.names[][]=[][]TRUE[][])[][] 
 []


Overfull \hbox (8.48305pt too wide) in paragraph at lines 109--109
[][]\OT1/cmtt/m/it/10 #Elimina los objetos almacenados enel ?rea de trabajo (Wo
rkspace). [][] 
 []


Overfull \hbox (6.74693pt too wide) in paragraph at lines 150--150
[]\OT1/cmtt/m/n/10 ##  [4] "package:stats"     "package:graphics"  "package:grD
evices"[] 
 []

[2]
Package color Info: Redefining color shadecolor on input line 155.

Overfull \hbox (108.23218pt too wide) in paragraph at lines 171--171
[][]\OT1/cmtt/m/it/10 # Proporciones basadas en el total de la muestra, la suma
 de filas y columnas suman 1 [][] 
 []


Overfull \hbox (13.733pt too wide) in paragraph at lines 192--192
[][]\OT1/cmtt/m/it/10 # Proporciones basadas en el total por columna, cada colu
mna suma 1 [][] 
 []

[3]
Package color Info: Redefining color shadecolor on input line 207.

Overfull \hbox (29.48286pt too wide) in paragraph at lines 209--209
[][]\OT1/cmtt/m/it/10 # Gr?fico de barras apiladas con la frecuencia de Cantida
d como altura [][] 
 []


Overfull \hbox (148.4957pt too wide) in paragraph at lines 210--211
[][]\OT1/cmtt/m/n/10 barplot[][]([][]table[][](Estudia[][]$[][]Cantidad, Estudi
a[][]$[][]Fuma),[] []beside[] []=[] []FALSE[][],[] []horizontal[][]=[][]FALSE[]
[],[] []main[][]=[][]"Gr?fico[] 
 []


Overfull \hbox (153.74565pt too wide) in paragraph at lines 211--212
[]\OT1/cmtt/m/n/10 de barras (Fuma, Cantidad de horas de estudio)"[][],[] []leg
end.text[] []=T,[] []xlab[][]=[][]"Fuma"[][],[] []ylab[][]=[][]"Cantidad de[] 
 []


Overfull \hbox (11.99689pt too wide) in paragraph at lines 216--217
[]\OT1/cmtt/m/n/10 ## Warning in plot.window(xlim, ylim, log = log, ...): "hori
zontal"
 []


Overfull \hbox (22.4968pt too wide) in paragraph at lines 218--219
[]\OT1/cmtt/m/n/10 ## Warning in axis(if (horiz) 2 else 1, at = at.l, labels = 
names.arg,
 []


Overfull \hbox (17.24684pt too wide) in paragraph at lines 220--221
[]\OT1/cmtt/m/n/10 ## Warning in title(main = main, sub = sub, xlab = xlab, yla
b = ylab,
 []


Overfull \hbox (1.49698pt too wide) in paragraph at lines 222--222
[]\OT1/cmtt/m/n/10 ## Warning in axis(if (horiz) 1 else 2, cex.axis = cex.axis,
 ...):
 []

<figure/unnamed-chunk-3-1.pdf, id=16, 505.89pt x 505.89pt>
File: figure/unnamed-chunk-3-1.pdf Graphic file (type pdf)

<use figure/unnamed-chunk-3-1.pdf>
Package pdftex.def Info: figure/unnamed-chunk-3-1.pdf used on input line 223.
(pdftex.def)             Requested size: 345.0pt x 345.00414pt.

Overfull \hbox (15.0pt too wide) in paragraph at lines 223--224
[][] 
 []

[4]
Overfull \hbox (8.48305pt too wide) in paragraph at lines 225--225
[][]\OT1/cmtt/m/it/10 # Gr?fico de barras apiladas con la frecuencia de Fuma co
mo altura [][] 
 []


Overfull \hbox (143.24574pt too wide) in paragraph at lines 226--227
[][]\OT1/cmtt/m/n/10 barplot[][]([][]table[][](Estudia[][]$[][]Fuma, Estudia[][
]$[][]Cantidad),[] []beside[] []=[] []FALSE[][],[] []horizontal[][]=[][]FALSE[]
[],[][]main[][]=[][]"Gr?fico[] 
 []


Overfull \hbox (164.24556pt too wide) in paragraph at lines 227--227
[]\OT1/cmtt/m/n/10 de barras (Cantidad de horas de estudio,Fuma)"[][],[] []lege
nd.text[] []=T,[] []xlab[][]=[][]"Cantidad de horas-estudio"[][],[][] 
 []


Overfull \hbox (11.99689pt too wide) in paragraph at lines 232--233
[]\OT1/cmtt/m/n/10 ## Warning in plot.window(xlim, ylim, log = log, ...): "hori
zontal"
 []


Overfull \hbox (22.4968pt too wide) in paragraph at lines 234--235
[]\OT1/cmtt/m/n/10 ## Warning in axis(if (horiz) 2 else 1, at = at.l, labels = 
names.arg,
 []


Overfull \hbox (17.24684pt too wide) in paragraph at lines 236--237
[]\OT1/cmtt/m/n/10 ## Warning in title(main = main, sub = sub, xlab = xlab, yla
b = ylab,
 []


Overfull \hbox (1.49698pt too wide) in paragraph at lines 238--238
[]\OT1/cmtt/m/n/10 ## Warning in axis(if (horiz) 1 else 2, cex.axis = cex.axis,
 ...):
 []

<figure/unnamed-chunk-3-2.pdf, id=20, 505.89pt x 505.89pt>
File: figure/unnamed-chunk-3-2.pdf Graphic file (type pdf)

<use figure/unnamed-chunk-3-2.pdf>
Package pdftex.def Info: figure/unnamed-chunk-3-2.pdf used on input line 239.
(pdftex.def)             Requested size: 345.0pt x 345.00414pt.

Overfull \hbox (15.0pt too wide) in paragraph at lines 239--240
[][] 
 []

[5 <C:/Users/Ery/Desktop/PDF R/figure/unnamed-chunk-3-1.pdf>]
Overfull \hbox (153.74565pt too wide) in paragraph at lines 250--251
[][]\OT1/cmtt/m/n/10 barplot[][]([][]table[][](Estudia[][]$[][]Cantidad, Estudi
a[][]$[][]Fuma),[] []main[][]=[][]"Gr?fico de barras (Fuma, Cantidad de horas[]
 
 []


Overfull \hbox (111.74602pt too wide) in paragraph at lines 251--251
[]\OT1/cmtt/m/n/10 de estudio)"[][],[] []xlab[][]=[][]"Fuma"[][],[] []ylab[][]=
[][]"Cantidad dehoras-estudio"[][],[] []beside[][]=[][]TRUE[][],[] []legend.tex
t[][]=T)[][] 
 []

<figure/unnamed-chunk-3-3.pdf, id=30, 505.89pt x 505.89pt>
File: figure/unnamed-chunk-3-3.pdf Graphic file (type pdf)

<use figure/unnamed-chunk-3-3.pdf>
Package pdftex.def Info: figure/unnamed-chunk-3-3.pdf used on input line 254.
(pdftex.def)             Requested size: 345.0pt x 345.00414pt.

Overfull \hbox (15.0pt too wide) in paragraph at lines 254--255
[][] 
 []

[6 <C:/Users/Ery/Desktop/PDF R/figure/unnamed-chunk-3-2.pdf>]
Overfull \hbox (153.74565pt too wide) in paragraph at lines 256--257
[][]\OT1/cmtt/m/n/10 barplot[][]([][]table[][](Estudia[][]$[][]Cantidad, Estudi
a[][]$[][]Fuma),[] []main[][]=[][]"Gr?fico de barras (Fuma, Cantidad de horas[]
 
 []


Overfull \hbox (38.24666pt too wide) in paragraph at lines 257--257
[]\OT1/cmtt/m/n/10 de estudio)"[][],[] []xlab[][]=[][]"Fuma"[][],[] []ylab[][]=
[][]"Cantidad de horas-estudio"[][],[] []beside[][]=[][]TRUE[][],[][] 
 []

<figure/unnamed-chunk-3-4.pdf, id=40, 505.89pt x 505.89pt>
File: figure/unnamed-chunk-3-4.pdf Graphic file (type pdf)

<use figure/unnamed-chunk-3-4.pdf>
Package pdftex.def Info: figure/unnamed-chunk-3-4.pdf used on input line 261.
(pdftex.def)             Requested size: 345.0pt x 345.00414pt.

Overfull \hbox (15.0pt too wide) in paragraph at lines 261--262
[][] 
 []

[7 <C:/Users/Ery/Desktop/PDF R/figure/unnamed-chunk-3-3.pdf>]
Overfull \hbox (6.74693pt too wide) in paragraph at lines 268--268
[]\OT1/cmtt/m/n/10 ## Warning in chisq.test(tablaCont): Chi-squared approximati
on may
 []

[8 <C:/Users/Ery/Desktop/PDF R/figure/unnamed-chunk-3-4.pdf>]
("C:\Users\Ery\Desktop\PDF R\Guia11.aux") ) 
Here is how much of TeX's memory you used:
 2213 strings out of 493921
 28207 string characters out of 3144882
 87085 words of memory out of 3000000
 5487 multiletter control sequences out of 15000+200000
 8920 words of font info for 35 fonts, out of 3000000 for 9000
 841 hyphenation exceptions out of 8191
 27i,7n,24p,337b,245s stack positions out of 5000i,500n,10000p,200000b,50000s
<C:/Program Files (x86)/MiKTeX 2.9/f
onts/type1/public/amsfonts/cm/cmitt10.pfb><C:/Program Files (x86)/MiKTeX 2.9/fo
nts/type1/public/amsfonts/cm/cmr10.pfb><C:/Program Files (x86)/MiKTeX 2.9/fonts
/type1/public/amsfonts/cm/cmr12.pfb><C:/Program Files (x86)/MiKTeX 2.9/fonts/ty
pe1/public/amsfonts/cm/cmr17.pfb><C:/Program Files (x86)/MiKTeX 2.9/fonts/type1
/public/amsfonts/cm/cmtt10.pfb>
Output written on Guia11.pdf (8 pages, 97867 bytes).
PDF statistics:
 77 PDF objects out of 1000 (max. 8388607)
 0 named destinations out of 1000 (max. 500000)
 21 words of extra memory for PDF output out of 10000 (max. 10000000)

