This is pdfTeX, Version 3.1415926-2.5-1.40.14 (MiKTeX 2.9) (preloaded format=pdflatex 2015.3.10)  27 NOV 2015 18:19
entering extended mode
**Guia3.tex
("C:\Users\Ery\Desktop\PDF R\Guia3.tex"
LaTeX2e <2011/06/27>
Babel <v3.8m> and hyphenation patterns for english, afrikaans, ancientgreek, ar
abic, armenian, assamese, basque, bengali, bokmal, bulgarian, catalan, coptic, 
croatian, czech, danish, dutch, esperanto, estonian, farsi, finnish, french, ga
lician, german, german-x-2013-05-26, greek, gujarati, hindi, hungarian, iceland
ic, indonesian, interlingua, irish, italian, kannada, kurmanji, latin, latvian,
 lithuanian, malayalam, marathi, mongolian, mongolianlmc, monogreek, ngerman, n
german-x-2013-05-26, nynorsk, oriya, panjabi, pinyin, polish, portuguese, roman
ian, russian, sanskrit, serbian, slovak, slovenian, spanish, swedish, swissgerm
an, tamil, telugu, turkish, turkmen, ukenglish, ukrainian, uppersorbian, usengl
ishmax, welsh, loaded.
("C:\Program Files (x86)\MiKTeX 2.9\tex\latex\base\article.cls"
Document Class: article 2007/10/19 v1.4h Standard LaTeX document class
("C:\Program Files (x86)\MiKTeX 2.9\tex\latex\base\size10.clo"
File: size10.clo 2007/10/19 v1.4h Standard LaTeX file (size option)
)
\c@part=\count79
\c@section=\count80
\c@subsection=\count81
\c@subsubsection=\count82
\c@paragraph=\count83
\c@subparagraph=\count84
\c@figure=\count85
\c@table=\count86
\abovecaptionskip=\skip41
\belowcaptionskip=\skip42
\bibindent=\dimen102
)
("C:\Program Files (x86)\MiKTeX 2.9\tex\latex\graphics\graphicx.sty"
Package: graphicx 1999/02/16 v1.0f Enhanced LaTeX Graphics (DPC,SPQR)

("C:\Program Files (x86)\MiKTeX 2.9\tex\latex\graphics\keyval.sty"
Package: keyval 1999/03/16 v1.13 key=value parser (DPC)
\KV@toks@=\toks14
)
("C:\Program Files (x86)\MiKTeX 2.9\tex\latex\graphics\graphics.sty"
Package: graphics 2009/02/05 v1.0o Standard LaTeX Graphics (DPC,SPQR)

("C:\Program Files (x86)\MiKTeX 2.9\tex\latex\graphics\trig.sty"
Package: trig 1999/03/16 v1.09 sin cos tan (DPC)
)
("C:\Program Files (x86)\MiKTeX 2.9\tex\latex\00miktex\graphics.cfg"
File: graphics.cfg 2007/01/18 v1.5 graphics configuration of teTeX/TeXLive
)
Package graphics Info: Driver file: pdftex.def on input line 91.

("C:\Program Files (x86)\MiKTeX 2.9\tex\latex\pdftex-def\pdftex.def"
File: pdftex.def 2011/05/27 v0.06d Graphics/color for pdfTeX

("C:\Program Files (x86)\MiKTeX 2.9\tex\generic\oberdiek\infwarerr.sty"
Package: infwarerr 2010/04/08 v1.3 Providing info/warning/error messages (HO)
)
("C:\Program Files (x86)\MiKTeX 2.9\tex\generic\oberdiek\ltxcmds.sty"
Package: ltxcmds 2011/11/09 v1.22 LaTeX kernel commands for general use (HO)
)
\Gread@gobject=\count87
))
\Gin@req@height=\dimen103
\Gin@req@width=\dimen104
)
("C:\Program Files (x86)\MiKTeX 2.9\tex\latex\graphics\color.sty"
Package: color 2005/11/14 v1.0j Standard LaTeX Color (DPC)

("C:\Program Files (x86)\MiKTeX 2.9\tex\latex\00miktex\color.cfg"
File: color.cfg 2007/01/18 v1.5 color configuration of teTeX/TeXLive
)
Package color Info: Driver file: pdftex.def on input line 130.
)
("C:\Users\Ery\Desktop\PDF R\framed.sty"
Package: framed 2011/10/22 v 0.96: framed or shaded text with page breaks
\OuterFrameSep=\skip43
\fb@frw=\dimen105
\fb@frh=\dimen106
\FrameRule=\dimen107
\FrameSep=\dimen108
)
("C:\Program Files (x86)\MiKTeX 2.9\tex\latex\base\alltt.sty"
Package: alltt 1997/06/16 v2.0g defines alltt environment
)
("C:\Program Files (x86)\MiKTeX 2.9\tex\latex\base\inputenc.sty"
Package: inputenc 2008/03/30 v1.1d Input encoding file
\inpenc@prehook=\toks15
\inpenc@posthook=\toks16

("C:\Program Files (x86)\MiKTeX 2.9\tex\latex\base\latin1.def"
File: latin1.def 2008/03/30 v1.1d Input encoding file
))
("C:\Program Files (x86)\MiKTeX 2.9\tex\latex\amsmath\amsmath.sty"
Package: amsmath 2013/01/14 v2.14 AMS math features
\@mathmargin=\skip44

For additional information on amsmath, use the `?' option.
("C:\Program Files (x86)\MiKTeX 2.9\tex\latex\amsmath\amstext.sty"
Package: amstext 2000/06/29 v2.01

("C:\Program Files (x86)\MiKTeX 2.9\tex\latex\amsmath\amsgen.sty"
File: amsgen.sty 1999/11/30 v2.0
\@emptytoks=\toks17
\ex@=\dimen109
))
("C:\Program Files (x86)\MiKTeX 2.9\tex\latex\amsmath\amsbsy.sty"
Package: amsbsy 1999/11/29 v1.2d
\pmbraise@=\dimen110
)
("C:\Program Files (x86)\MiKTeX 2.9\tex\latex\amsmath\amsopn.sty"
Package: amsopn 1999/12/14 v2.01 operator names
)
\inf@bad=\count88
LaTeX Info: Redefining \frac on input line 210.
\uproot@=\count89
\leftroot@=\count90
LaTeX Info: Redefining \overline on input line 306.
\classnum@=\count91
\DOTSCASE@=\count92
LaTeX Info: Redefining \ldots on input line 378.
LaTeX Info: Redefining \dots on input line 381.
LaTeX Info: Redefining \cdots on input line 466.
\Mathstrutbox@=\box26
\strutbox@=\box27
\big@size=\dimen111
LaTeX Font Info:    Redeclaring font encoding OML on input line 566.
LaTeX Font Info:    Redeclaring font encoding OMS on input line 567.
\macc@depth=\count93
\c@MaxMatrixCols=\count94
\dotsspace@=\muskip10
\c@parentequation=\count95
\dspbrk@lvl=\count96
\tag@help=\toks18
\row@=\count97
\column@=\count98
\maxfields@=\count99
\andhelp@=\toks19
\eqnshift@=\dimen112
\alignsep@=\dimen113
\tagshift@=\dimen114
\tagwidth@=\dimen115
\totwidth@=\dimen116
\lineht@=\dimen117
\@envbody=\toks20
\multlinegap=\skip45
\multlinetaggap=\skip46
\mathdisplay@stack=\toks21
LaTeX Info: Redefining \[ on input line 2665.
LaTeX Info: Redefining \] on input line 2666.
)
("C:\Program Files (x86)\MiKTeX 2.9\tex\latex\amsfonts\amsfonts.sty"
Package: amsfonts 2013/01/14 v3.01 Basic AMSFonts support
\symAMSa=\mathgroup4
\symAMSb=\mathgroup5
LaTeX Font Info:    Overwriting math alphabet `\mathfrak' in version `bold'
(Font)                  U/euf/m/n --> U/euf/b/n on input line 106.
)
("C:\Program Files (x86)\MiKTeX 2.9\tex\latex\amsfonts\amssymb.sty"
Package: amssymb 2013/01/14 v3.01 AMS font symbols
)
("C:\Program Files (x86)\MiKTeX 2.9\tex\latex\upquote\upquote.sty"
Package: upquote 2012/04/19 v1.3 upright-quote and grave-accent glyphs in verba
tim
)
("C:\Users\Ery\Desktop\PDF R\Guia3.aux")
LaTeX Font Info:    Checking defaults for OML/cmm/m/it on input line 58.
LaTeX Font Info:    ... okay on input line 58.
LaTeX Font Info:    Checking defaults for T1/cmr/m/n on input line 58.
LaTeX Font Info:    ... okay on input line 58.
LaTeX Font Info:    Checking defaults for OT1/cmr/m/n on input line 58.
LaTeX Font Info:    ... okay on input line 58.
LaTeX Font Info:    Checking defaults for OMS/cmsy/m/n on input line 58.
LaTeX Font Info:    ... okay on input line 58.
LaTeX Font Info:    Checking defaults for OMX/cmex/m/n on input line 58.
LaTeX Font Info:    ... okay on input line 58.
LaTeX Font Info:    Checking defaults for U/cmr/m/n on input line 58.
LaTeX Font Info:    ... okay on input line 58.

("C:\Program Files (x86)\MiKTeX 2.9\tex\context\base\supp-pdf.mkii"
[Loading MPS to PDF converter (version 2006.09.02).]
\scratchcounter=\count100
\scratchdimen=\dimen118
\scratchbox=\box28
\nofMPsegments=\count101
\nofMParguments=\count102
\everyMPshowfont=\toks22
\MPscratchCnt=\count103
\MPscratchDim=\dimen119
\MPnumerator=\count104
\makeMPintoPDFobject=\count105
\everyMPtoPDFconversion=\toks23
)
LaTeX Font Info:    Try loading font information for U+msa on input line 60.
 ("C:\Program Files (x86)\MiKTeX 2.9\tex\latex\amsfonts\umsa.fd"
File: umsa.fd 2013/01/14 v3.01 AMS symbols A
)
LaTeX Font Info:    Try loading font information for U+msb on input line 60.

("C:\Program Files (x86)\MiKTeX 2.9\tex\latex\amsfonts\umsb.fd"
File: umsb.fd 2013/01/14 v3.01 AMS symbols B
) [1

{C:/ProgramData/MiKTeX/2.9/pdftex/config/pdftex.map}]
Package color Info: Redefining color shadecolor on input line 73.
LaTeX Font Info:    Font shape `OT1/cmtt/bx/n' in size <10> not available
(Font)              Font shape `OT1/cmtt/m/n' tried instead on input line 75.
Package color Info: Redefining color shadecolor on input line 126.

Overfull \hbox (48.74657pt too wide) in paragraph at lines 128--128
[][]\OT1/cmtt/m/n/10 lista1[][]<-[][]list[][]([][]padre[][]=[][]"Pedro"[][],[] 
[]madre[][]=[][]"Mar[]A-a"[][],[] []no.hijos[][]=[][]3[][],[] []edad.hijos[][]=
[][]c[][]([][]4[][],[][]7[][],[][]9[][]))[][] 
 []

[2]
Package color Info: Redefining color shadecolor on input line 223.
 [3]
Overfull \hbox (38.24666pt too wide) in paragraph at lines 230--230
[]\OT1/cmtt/m/n/10 ##  [1] FALSE  TRUE FALSE  TRUE FALSE  TRUE FALSE FALSE  TRU
E  TRUE FALSE[] 
 []


Overfull \hbox (38.24666pt too wide) in paragraph at lines 242--242
[]\OT1/cmtt/m/n/10 ##  [1]  0.4344153+0.4337077i  0.5297603+0.9836932i -0.21024
96+0.0353868i[] 
 []


Overfull \hbox (38.24666pt too wide) in paragraph at lines 242--242
[]\OT1/cmtt/m/n/10 ##  [4] -0.1949769+0.5753777i -1.7337444+0.5206788i  0.42692
03+0.7592105i[] 
 []


Overfull \hbox (38.24666pt too wide) in paragraph at lines 242--242
[]\OT1/cmtt/m/n/10 ##  [7]  0.1404589+0.3162022i  0.0715976+0.6588535i -0.79290
20+0.7531206i[] 
 []


Overfull \hbox (38.24666pt too wide) in paragraph at lines 242--242
[]\OT1/cmtt/m/n/10 ## [10] -0.9651952+0.4558095i -1.6504156+0.3563471i -0.52761
97+0.4598750i[] 
 []


Overfull \hbox (38.24666pt too wide) in paragraph at lines 242--242
[]\OT1/cmtt/m/n/10 ## [13]  0.2405137+0.1131998i  0.3153615+0.5153649i -0.37049
44+0.5903157i[] 
 []


Overfull \hbox (38.24666pt too wide) in paragraph at lines 242--242
[]\OT1/cmtt/m/n/10 ## [16] -0.5002129+0.1390098i  0.0070405+0.9029966i -0.81221
94+0.8234176i[] 
 []


Overfull \hbox (6.74693pt too wide) in paragraph at lines 251--251
[]\OT1/cmtt/m/n/10 ##  [1] -0.63039938 -1.03520947 -1.38425185  1.77152746 -0.1
6913687[] 
 []


Overfull \hbox (6.74693pt too wide) in paragraph at lines 251--251
[]\OT1/cmtt/m/n/10 ##  [6] -1.22087040 -0.04279595 -0.07959942  0.18032243  1.3
6613873[] 
 []


Overfull \hbox (6.74693pt too wide) in paragraph at lines 251--251
[]\OT1/cmtt/m/n/10 ## [11] -1.45828374  0.45508319  0.81501005 -0.13964572 -1.8
1089166[] 
 []


Overfull \hbox (6.74693pt too wide) in paragraph at lines 251--251
[]\OT1/cmtt/m/n/10 ## [16]  0.20873084  0.19088195 -1.19828824 -1.51144242  0.1
7564040[] 
 []


Overfull \hbox (237.74492pt too wide) in paragraph at lines 338--338
[][]\OT1/cmtt/m/n/10 datos[] []<-[] []matrix[][]([][]c[][]([][]150[][],[] []160
[][],[] []180[][],[] []205[][],[] []65[][],[] []68[][],[] []65[][],[] []69[][])
,[] []ncol[][]=[][]2[][],[] []dimnames[][]=[][]list[][]([][]c[][](),[] []c[][](
[][]"Estatura"[][],[][]"Peso"[][]))); datos[][] 
 []


Overfull \hbox (11.99689pt too wide) in paragraph at lines 358--358
[]\OT1/cmtt/m/n/10 ## Error in eval(expr, envir, enclos): objeto 'hoja1' no enc
ontrado[] 
 []

[4] [5] [6] ("C:\Users\Ery\Desktop\PDF R\Guia3.aux") ) 
Here is how much of TeX's memory you used:
 2189 strings out of 493921
 27555 string characters out of 3144882
 93085 words of memory out of 3000000
 5470 multiletter control sequences out of 15000+200000
 8752 words of font info for 34 fonts, out of 3000000 for 9000
 841 hyphenation exceptions out of 8191
 27i,7n,24p,444b,245s stack positions out of 5000i,500n,10000p,200000b,50000s
<C:/Program Files (x86)/M
iKTeX 2.9/fonts/type1/public/amsfonts/cm/cmr10.pfb><C:/Program Files (x86)/MiKT
eX 2.9/fonts/type1/public/amsfonts/cm/cmr12.pfb><C:/Program Files (x86)/MiKTeX 
2.9/fonts/type1/public/amsfonts/cm/cmr17.pfb><C:/Program Files (x86)/MiKTeX 2.9
/fonts/type1/public/amsfonts/cm/cmtt10.pfb>
Output written on Guia3.pdf (6 pages, 67701 bytes).
PDF statistics:
 37 PDF objects out of 1000 (max. 8388607)
 0 named destinations out of 1000 (max. 500000)
 1 words of extra memory for PDF output out of 10000 (max. 10000000)

