This is pdfTeX, Version 3.1415926-2.5-1.40.14 (MiKTeX 2.9) (preloaded format=pdflatex 2015.3.10)  27 NOV 2015 19:26
entering extended mode
**Guia10.tex
("C:\Users\Ery\Desktop\PDF R\Guia10.tex"
LaTeX2e <2011/06/27>
Babel <v3.8m> and hyphenation patterns for english, afrikaans, ancientgreek, ar
abic, armenian, assamese, basque, bengali, bokmal, bulgarian, catalan, coptic, 
croatian, czech, danish, dutch, esperanto, estonian, farsi, finnish, french, ga
lician, german, german-x-2013-05-26, greek, gujarati, hindi, hungarian, iceland
ic, indonesian, interlingua, irish, italian, kannada, kurmanji, latin, latvian,
 lithuanian, malayalam, marathi, mongolian, mongolianlmc, monogreek, ngerman, n
german-x-2013-05-26, nynorsk, oriya, panjabi, pinyin, polish, portuguese, roman
ian, russian, sanskrit, serbian, slovak, slovenian, spanish, swedish, swissgerm
an, tamil, telugu, turkish, turkmen, ukenglish, ukrainian, uppersorbian, usengl
ishmax, welsh, loaded.
("C:\Program Files (x86)\MiKTeX 2.9\tex\latex\base\article.cls"
Document Class: article 2007/10/19 v1.4h Standard LaTeX document class
("C:\Program Files (x86)\MiKTeX 2.9\tex\latex\base\size10.clo"
File: size10.clo 2007/10/19 v1.4h Standard LaTeX file (size option)
)
\c@part=\count79
\c@section=\count80
\c@subsection=\count81
\c@subsubsection=\count82
\c@paragraph=\count83
\c@subparagraph=\count84
\c@figure=\count85
\c@table=\count86
\abovecaptionskip=\skip41
\belowcaptionskip=\skip42
\bibindent=\dimen102
)
("C:\Program Files (x86)\MiKTeX 2.9\tex\latex\graphics\graphicx.sty"
Package: graphicx 1999/02/16 v1.0f Enhanced LaTeX Graphics (DPC,SPQR)

("C:\Program Files (x86)\MiKTeX 2.9\tex\latex\graphics\keyval.sty"
Package: keyval 1999/03/16 v1.13 key=value parser (DPC)
\KV@toks@=\toks14
)
("C:\Program Files (x86)\MiKTeX 2.9\tex\latex\graphics\graphics.sty"
Package: graphics 2009/02/05 v1.0o Standard LaTeX Graphics (DPC,SPQR)

("C:\Program Files (x86)\MiKTeX 2.9\tex\latex\graphics\trig.sty"
Package: trig 1999/03/16 v1.09 sin cos tan (DPC)
)
("C:\Program Files (x86)\MiKTeX 2.9\tex\latex\00miktex\graphics.cfg"
File: graphics.cfg 2007/01/18 v1.5 graphics configuration of teTeX/TeXLive
)
Package graphics Info: Driver file: pdftex.def on input line 91.

("C:\Program Files (x86)\MiKTeX 2.9\tex\latex\pdftex-def\pdftex.def"
File: pdftex.def 2011/05/27 v0.06d Graphics/color for pdfTeX

("C:\Program Files (x86)\MiKTeX 2.9\tex\generic\oberdiek\infwarerr.sty"
Package: infwarerr 2010/04/08 v1.3 Providing info/warning/error messages (HO)
)
("C:\Program Files (x86)\MiKTeX 2.9\tex\generic\oberdiek\ltxcmds.sty"
Package: ltxcmds 2011/11/09 v1.22 LaTeX kernel commands for general use (HO)
)
\Gread@gobject=\count87
))
\Gin@req@height=\dimen103
\Gin@req@width=\dimen104
)
("C:\Program Files (x86)\MiKTeX 2.9\tex\latex\graphics\color.sty"
Package: color 2005/11/14 v1.0j Standard LaTeX Color (DPC)

("C:\Program Files (x86)\MiKTeX 2.9\tex\latex\00miktex\color.cfg"
File: color.cfg 2007/01/18 v1.5 color configuration of teTeX/TeXLive
)
Package color Info: Driver file: pdftex.def on input line 130.
)
("C:\Users\Ery\Desktop\PDF R\framed.sty"
Package: framed 2011/10/22 v 0.96: framed or shaded text with page breaks
\OuterFrameSep=\skip43
\fb@frw=\dimen105
\fb@frh=\dimen106
\FrameRule=\dimen107
\FrameSep=\dimen108
)
("C:\Program Files (x86)\MiKTeX 2.9\tex\latex\base\alltt.sty"
Package: alltt 1997/06/16 v2.0g defines alltt environment
)
("C:\Program Files (x86)\MiKTeX 2.9\tex\latex\base\inputenc.sty"
Package: inputenc 2008/03/30 v1.1d Input encoding file
\inpenc@prehook=\toks15
\inpenc@posthook=\toks16

("C:\Program Files (x86)\MiKTeX 2.9\tex\latex\base\latin1.def"
File: latin1.def 2008/03/30 v1.1d Input encoding file
))
("C:\Program Files (x86)\MiKTeX 2.9\tex\latex\amsmath\amsmath.sty"
Package: amsmath 2013/01/14 v2.14 AMS math features
\@mathmargin=\skip44

For additional information on amsmath, use the `?' option.
("C:\Program Files (x86)\MiKTeX 2.9\tex\latex\amsmath\amstext.sty"
Package: amstext 2000/06/29 v2.01

("C:\Program Files (x86)\MiKTeX 2.9\tex\latex\amsmath\amsgen.sty"
File: amsgen.sty 1999/11/30 v2.0
\@emptytoks=\toks17
\ex@=\dimen109
))
("C:\Program Files (x86)\MiKTeX 2.9\tex\latex\amsmath\amsbsy.sty"
Package: amsbsy 1999/11/29 v1.2d
\pmbraise@=\dimen110
)
("C:\Program Files (x86)\MiKTeX 2.9\tex\latex\amsmath\amsopn.sty"
Package: amsopn 1999/12/14 v2.01 operator names
)
\inf@bad=\count88
LaTeX Info: Redefining \frac on input line 210.
\uproot@=\count89
\leftroot@=\count90
LaTeX Info: Redefining \overline on input line 306.
\classnum@=\count91
\DOTSCASE@=\count92
LaTeX Info: Redefining \ldots on input line 378.
LaTeX Info: Redefining \dots on input line 381.
LaTeX Info: Redefining \cdots on input line 466.
\Mathstrutbox@=\box26
\strutbox@=\box27
\big@size=\dimen111
LaTeX Font Info:    Redeclaring font encoding OML on input line 566.
LaTeX Font Info:    Redeclaring font encoding OMS on input line 567.
\macc@depth=\count93
\c@MaxMatrixCols=\count94
\dotsspace@=\muskip10
\c@parentequation=\count95
\dspbrk@lvl=\count96
\tag@help=\toks18
\row@=\count97
\column@=\count98
\maxfields@=\count99
\andhelp@=\toks19
\eqnshift@=\dimen112
\alignsep@=\dimen113
\tagshift@=\dimen114
\tagwidth@=\dimen115
\totwidth@=\dimen116
\lineht@=\dimen117
\@envbody=\toks20
\multlinegap=\skip45
\multlinetaggap=\skip46
\mathdisplay@stack=\toks21
LaTeX Info: Redefining \[ on input line 2665.
LaTeX Info: Redefining \] on input line 2666.
)
("C:\Program Files (x86)\MiKTeX 2.9\tex\latex\amsfonts\amsfonts.sty"
Package: amsfonts 2013/01/14 v3.01 Basic AMSFonts support
\symAMSa=\mathgroup4
\symAMSb=\mathgroup5
LaTeX Font Info:    Overwriting math alphabet `\mathfrak' in version `bold'
(Font)                  U/euf/m/n --> U/euf/b/n on input line 106.
)
("C:\Program Files (x86)\MiKTeX 2.9\tex\latex\amsfonts\amssymb.sty"
Package: amssymb 2013/01/14 v3.01 AMS font symbols
)
("C:\Program Files (x86)\MiKTeX 2.9\tex\latex\upquote\upquote.sty"
Package: upquote 2012/04/19 v1.3 upright-quote and grave-accent glyphs in verba
tim
)
("C:\Users\Ery\Desktop\PDF R\Guia10.aux")
LaTeX Font Info:    Checking defaults for OML/cmm/m/it on input line 58.
LaTeX Font Info:    ... okay on input line 58.
LaTeX Font Info:    Checking defaults for T1/cmr/m/n on input line 58.
LaTeX Font Info:    ... okay on input line 58.
LaTeX Font Info:    Checking defaults for OT1/cmr/m/n on input line 58.
LaTeX Font Info:    ... okay on input line 58.
LaTeX Font Info:    Checking defaults for OMS/cmsy/m/n on input line 58.
LaTeX Font Info:    ... okay on input line 58.
LaTeX Font Info:    Checking defaults for OMX/cmex/m/n on input line 58.
LaTeX Font Info:    ... okay on input line 58.
LaTeX Font Info:    Checking defaults for U/cmr/m/n on input line 58.
LaTeX Font Info:    ... okay on input line 58.

("C:\Program Files (x86)\MiKTeX 2.9\tex\context\base\supp-pdf.mkii"
[Loading MPS to PDF converter (version 2006.09.02).]
\scratchcounter=\count100
\scratchdimen=\dimen118
\scratchbox=\box28
\nofMPsegments=\count101
\nofMParguments=\count102
\everyMPshowfont=\toks22
\MPscratchCnt=\count103
\MPscratchDim=\dimen119
\MPnumerator=\count104
\makeMPintoPDFobject=\count105
\everyMPtoPDFconversion=\toks23
)
LaTeX Font Info:    Try loading font information for U+msa on input line 60.
 ("C:\Program Files (x86)\MiKTeX 2.9\tex\latex\amsfonts\umsa.fd"
File: umsa.fd 2013/01/14 v3.01 AMS symbols A
)
LaTeX Font Info:    Try loading font information for U+msb on input line 60.

("C:\Program Files (x86)\MiKTeX 2.9\tex\latex\amsfonts\umsb.fd"
File: umsb.fd 2013/01/14 v3.01 AMS symbols B
) [1

{C:/ProgramData/MiKTeX/2.9/pdftex/config/pdftex.map}]
Package color Info: Redefining color shadecolor on input line 68.
LaTeX Font Info:    Font shape `OT1/cmtt/bx/n' in size <10> not available
(Font)              Font shape `OT1/cmtt/m/n' tried instead on input line 70.
Package color Info: Redefining color shadecolor on input line 93.

Overfull \hbox (11.99689pt too wide) in paragraph at lines 95--95
[][]\OT1/cmtt/m/n/10 Baterias[] []<-[] []data.frame[][]([][]procesoA[][]=A,[] [
]procesoB[][]=B,[] []procesoC[][]=C); Baterias[][] 
 []

Package color Info: Redefining color shadecolor on input line 110.
Package color Info: Redefining color shadecolor on input line 119.

Overfull \hbox (59.24648pt too wide) in paragraph at lines 121--121
[][]\OT1/cmtt/m/n/10 write.table[][](Baterias,[] []file[][]=[][]"Baterias.txt"[
][],[] []append[][]=[][]FALSE[][],[] []quote[][]=[][]TRUE[][],[] []sep[][]=[][]
" "[][],[][] 
 []

Package color Info: Redefining color shadecolor on input line 129.
Package color Info: Redefining color shadecolor on input line 142.
Package color Info: Redefining color shadecolor on input line 158.
[2]
Overfull \hbox (50.48268pt too wide) in paragraph at lines 160--160
[][]\OT1/cmtt/m/it/10 #Conecta o adjunta la hoja de datos a la segunda ruta o l
ista de b?squeda. [][] 
 []


Overfull \hbox (6.74693pt too wide) in paragraph at lines 169--169
[]\OT1/cmtt/m/n/10 ##  [4] "package:stats"     "package:graphics"  "package:grD
evices"[] 
 []


Overfull \hbox (17.24684pt too wide) in paragraph at lines 172--172
[][]\OT1/cmtt/m/n/10 stripchart[][](Baterias,[] []main[][]=[][]"Gr?fico de punt
os para los tres procesos"[][],[][] 
 []


Overfull \hbox (164.24556pt too wide) in paragraph at lines 173--173
[][]\OT1/cmtt/m/n/10 method[] []=[] []"stack"[][],[] []vertical[] []=[] []FALSE
[][],[] []col[][]=[][]"blue"[][],[] []pch[][]=[][]1[][],[] []xlab[][]=[][]"Dura
ci?n (semanas)"[][],[] []ylab[][]=[][]"Proceso"[][])[][] 
 []

<figure/unnamed-chunk-7-1.pdf, id=12, 505.89pt x 505.89pt>
File: figure/unnamed-chunk-7-1.pdf Graphic file (type pdf)

<use figure/unnamed-chunk-7-1.pdf>
Package pdftex.def Info: figure/unnamed-chunk-7-1.pdf used on input line 176.
(pdftex.def)             Requested size: 345.0pt x 345.00414pt.

Overfull \hbox (15.0pt too wide) in paragraph at lines 176--177
[][] 
 []


Overfull \hbox (45.23273pt too wide) in paragraph at lines 191--191
[][]\OT1/cmtt/m/it/10 #Dibuja un gr?fico horizontal de cajas (box-plot) para lo
s tres procesos. [][] 
 []


Overfull \hbox (80.24629pt too wide) in paragraph at lines 192--192
[][]\OT1/cmtt/m/n/10 boxplot[][](Baterias,[] []width[][]=[][]NULL[][],[] []varw
idth[][]=[][]TRUE[][],names,[] []add[][]=[] []FALSE[][],[] []horizontal[] []=[]
 []TRUE[][],[][] 
 []


Overfull \hbox (148.4957pt too wide) in paragraph at lines 193--193
[][]\OT1/cmtt/m/n/10 main[][]=[][]"Gr?fico de caja por proceso"[][],[] []border
[][]=[][]par[][]([][]"fg"[][]),[] []col[][]=[][]c[][]([][]"blue"[][],[] []"blac
k"[][],[] []"purple"[][]),[] []xlab[] []=[][] 
 []

[3 <C:/Users/Ery/Desktop/PDF R/figure/unnamed-chunk-7-1.pdf>]
<figure/unnamed-chunk-7-2.pdf, id=23, 505.89pt x 505.89pt>
File: figure/unnamed-chunk-7-2.pdf Graphic file (type pdf)

<use figure/unnamed-chunk-7-2.pdf>
Package pdftex.def Info: figure/unnamed-chunk-7-2.pdf used on input line 197.
(pdftex.def)             Requested size: 345.0pt x 345.00414pt.

Overfull \hbox (15.0pt too wide) in paragraph at lines 197--198
[][] 
 []

Package color Info: Redefining color shadecolor on input line 202.

Overfull \hbox (85.49625pt too wide) in paragraph at lines 205--205
[][]\OT1/cmtt/m/n/10 boxplot[][](Baterias,[] []width[][]=[][]NULL[][],[] []varw
idth[][]=[][]TRUE[][],names,[] []add[][]=[] []FALSE[][],[] []horizontal[] []=[]
 []FALSE[][],[][] 
 []


Overfull \hbox (153.74565pt too wide) in paragraph at lines 206--206
[][]\OT1/cmtt/m/n/10 main[][]=[][]"Gr?fico de caja por proceso"[][],[] []border
[][]=[][]par[][]([][]"fg"[][]),[] []col[][]=[][]c[][]([][]"bluen"[][],[] []"pur
ple"[][],[] []"black"[][]),[] []xlab[] []=[][] 
 []


Overfull \hbox (32.9967pt too wide) in paragraph at lines 211--211
[]\OT1/cmtt/m/n/10 ## Error in xypolygon(xx, yy, lty = "blank", col = boxfill[i
]): invalid
 []

<figure/unnamed-chunk-8-1.pdf, id=24, 505.89pt x 505.89pt>
File: figure/unnamed-chunk-8-1.pdf Graphic file (type pdf)

<use figure/unnamed-chunk-8-1.pdf>
Package pdftex.def Info: figure/unnamed-chunk-8-1.pdf used on input line 212.
(pdftex.def)             Requested size: 345.0pt x 345.00414pt.

Overfull \hbox (15.0pt too wide) in paragraph at lines 212--213
[][] 
 []

[4 <C:/Users/Ery/Desktop/PDF R/figure/unnamed-chunk-7-2.pdf>]
Overfull \hbox (171.23163pt too wide) in paragraph at lines 228--228
[][]\OT1/cmtt/m/it/10 # Concatena los tres vectores dentro de un vector simple,
 junto con un vector factor indicador de [][] 
 []


Overfull \hbox (8.48305pt too wide) in paragraph at lines 229--229
[][]\OT1/cmtt/m/it/10 #la categor?a o tratamiento (A, B, C) que origina cada ob
servaci?n.[][] 
 []

[5 <C:/Users/Ery/Desktop/PDF R/figure/unnamed-chunk-8-1.pdf>]
Package color Info: Redefining color shadecolor on input line 254.

Overfull \hbox (144.98186pt too wide) in paragraph at lines 256--256
[][]\OT1/cmtt/m/it/10 # Prueba de igualdad de medias por descomposici?n de la v
arianza en dos fuentes de variaci?n:[][] 
 []


Overfull \hbox (97.73227pt too wide) in paragraph at lines 270--270
[][]\OT1/cmtt/m/it/10 #Deshace la concatenaci?n del vector de valores y el vect
or indicador de categor?a. [][] 
 []


Overfull \hbox (18.98296pt too wide) in paragraph at lines 282--282
[][]\OT1/cmtt/m/it/10 #Desconecta la hoja de datos de la segunda ruta o lista d
e b?squeda. [][] 
 []

[6] ("C:\Users\Ery\Desktop\PDF R\Guia10.aux") ) 
Here is how much of TeX's memory you used:
 2208 strings out of 493921
 28055 string characters out of 3144882
 86085 words of memory out of 3000000
 5483 multiletter control sequences out of 15000+200000
 8920 words of font info for 35 fonts, out of 3000000 for 9000
 841 hyphenation exceptions out of 8191
 27i,7n,24p,312b,245s stack positions out of 5000i,500n,10000p,200000b,50000s
<C:/Program Files (x86)/MiKTeX 2
.9/fonts/type1/public/amsfonts/cm/cmitt10.pfb><C:/Program Files (x86)/MiKTeX 2.
9/fonts/type1/public/amsfonts/cm/cmr10.pfb><C:/Program Files (x86)/MiKTeX 2.9/f
onts/type1/public/amsfonts/cm/cmr12.pfb><C:/Program Files (x86)/MiKTeX 2.9/font
s/type1/public/amsfonts/cm/cmr17.pfb><C:/Program Files (x86)/MiKTeX 2.9/fonts/t
ype1/public/amsfonts/cm/cmtt10.pfb>
Output written on Guia10.pdf (6 pages, 92526 bytes).
PDF statistics:
 59 PDF objects out of 1000 (max. 8388607)
 0 named destinations out of 1000 (max. 500000)
 16 words of extra memory for PDF output out of 10000 (max. 10000000)

