This is pdfTeX, Version 3.1415926-2.5-1.40.14 (MiKTeX 2.9) (preloaded format=pdflatex 2015.3.10)  27 NOV 2015 18:46
entering extended mode
**Guia7.tex
("C:\Users\Ery\Desktop\PDF R\Guia7.tex"
LaTeX2e <2011/06/27>
Babel <v3.8m> and hyphenation patterns for english, afrikaans, ancientgreek, ar
abic, armenian, assamese, basque, bengali, bokmal, bulgarian, catalan, coptic, 
croatian, czech, danish, dutch, esperanto, estonian, farsi, finnish, french, ga
lician, german, german-x-2013-05-26, greek, gujarati, hindi, hungarian, iceland
ic, indonesian, interlingua, irish, italian, kannada, kurmanji, latin, latvian,
 lithuanian, malayalam, marathi, mongolian, mongolianlmc, monogreek, ngerman, n
german-x-2013-05-26, nynorsk, oriya, panjabi, pinyin, polish, portuguese, roman
ian, russian, sanskrit, serbian, slovak, slovenian, spanish, swedish, swissgerm
an, tamil, telugu, turkish, turkmen, ukenglish, ukrainian, uppersorbian, usengl
ishmax, welsh, loaded.
("C:\Program Files (x86)\MiKTeX 2.9\tex\latex\base\article.cls"
Document Class: article 2007/10/19 v1.4h Standard LaTeX document class
("C:\Program Files (x86)\MiKTeX 2.9\tex\latex\base\size10.clo"
File: size10.clo 2007/10/19 v1.4h Standard LaTeX file (size option)
)
\c@part=\count79
\c@section=\count80
\c@subsection=\count81
\c@subsubsection=\count82
\c@paragraph=\count83
\c@subparagraph=\count84
\c@figure=\count85
\c@table=\count86
\abovecaptionskip=\skip41
\belowcaptionskip=\skip42
\bibindent=\dimen102
)
("C:\Program Files (x86)\MiKTeX 2.9\tex\latex\graphics\graphicx.sty"
Package: graphicx 1999/02/16 v1.0f Enhanced LaTeX Graphics (DPC,SPQR)

("C:\Program Files (x86)\MiKTeX 2.9\tex\latex\graphics\keyval.sty"
Package: keyval 1999/03/16 v1.13 key=value parser (DPC)
\KV@toks@=\toks14
)
("C:\Program Files (x86)\MiKTeX 2.9\tex\latex\graphics\graphics.sty"
Package: graphics 2009/02/05 v1.0o Standard LaTeX Graphics (DPC,SPQR)

("C:\Program Files (x86)\MiKTeX 2.9\tex\latex\graphics\trig.sty"
Package: trig 1999/03/16 v1.09 sin cos tan (DPC)
)
("C:\Program Files (x86)\MiKTeX 2.9\tex\latex\00miktex\graphics.cfg"
File: graphics.cfg 2007/01/18 v1.5 graphics configuration of teTeX/TeXLive
)
Package graphics Info: Driver file: pdftex.def on input line 91.

("C:\Program Files (x86)\MiKTeX 2.9\tex\latex\pdftex-def\pdftex.def"
File: pdftex.def 2011/05/27 v0.06d Graphics/color for pdfTeX

("C:\Program Files (x86)\MiKTeX 2.9\tex\generic\oberdiek\infwarerr.sty"
Package: infwarerr 2010/04/08 v1.3 Providing info/warning/error messages (HO)
)
("C:\Program Files (x86)\MiKTeX 2.9\tex\generic\oberdiek\ltxcmds.sty"
Package: ltxcmds 2011/11/09 v1.22 LaTeX kernel commands for general use (HO)
)
\Gread@gobject=\count87
))
\Gin@req@height=\dimen103
\Gin@req@width=\dimen104
)
("C:\Program Files (x86)\MiKTeX 2.9\tex\latex\graphics\color.sty"
Package: color 2005/11/14 v1.0j Standard LaTeX Color (DPC)

("C:\Program Files (x86)\MiKTeX 2.9\tex\latex\00miktex\color.cfg"
File: color.cfg 2007/01/18 v1.5 color configuration of teTeX/TeXLive
)
Package color Info: Driver file: pdftex.def on input line 130.
)
("C:\Users\Ery\Desktop\PDF R\framed.sty"
Package: framed 2011/10/22 v 0.96: framed or shaded text with page breaks
\OuterFrameSep=\skip43
\fb@frw=\dimen105
\fb@frh=\dimen106
\FrameRule=\dimen107
\FrameSep=\dimen108
)
("C:\Program Files (x86)\MiKTeX 2.9\tex\latex\base\alltt.sty"
Package: alltt 1997/06/16 v2.0g defines alltt environment
)
("C:\Program Files (x86)\MiKTeX 2.9\tex\latex\base\inputenc.sty"
Package: inputenc 2008/03/30 v1.1d Input encoding file
\inpenc@prehook=\toks15
\inpenc@posthook=\toks16

("C:\Program Files (x86)\MiKTeX 2.9\tex\latex\base\latin1.def"
File: latin1.def 2008/03/30 v1.1d Input encoding file
))
("C:\Program Files (x86)\MiKTeX 2.9\tex\latex\amsmath\amsmath.sty"
Package: amsmath 2013/01/14 v2.14 AMS math features
\@mathmargin=\skip44

For additional information on amsmath, use the `?' option.
("C:\Program Files (x86)\MiKTeX 2.9\tex\latex\amsmath\amstext.sty"
Package: amstext 2000/06/29 v2.01

("C:\Program Files (x86)\MiKTeX 2.9\tex\latex\amsmath\amsgen.sty"
File: amsgen.sty 1999/11/30 v2.0
\@emptytoks=\toks17
\ex@=\dimen109
))
("C:\Program Files (x86)\MiKTeX 2.9\tex\latex\amsmath\amsbsy.sty"
Package: amsbsy 1999/11/29 v1.2d
\pmbraise@=\dimen110
)
("C:\Program Files (x86)\MiKTeX 2.9\tex\latex\amsmath\amsopn.sty"
Package: amsopn 1999/12/14 v2.01 operator names
)
\inf@bad=\count88
LaTeX Info: Redefining \frac on input line 210.
\uproot@=\count89
\leftroot@=\count90
LaTeX Info: Redefining \overline on input line 306.
\classnum@=\count91
\DOTSCASE@=\count92
LaTeX Info: Redefining \ldots on input line 378.
LaTeX Info: Redefining \dots on input line 381.
LaTeX Info: Redefining \cdots on input line 466.
\Mathstrutbox@=\box26
\strutbox@=\box27
\big@size=\dimen111
LaTeX Font Info:    Redeclaring font encoding OML on input line 566.
LaTeX Font Info:    Redeclaring font encoding OMS on input line 567.
\macc@depth=\count93
\c@MaxMatrixCols=\count94
\dotsspace@=\muskip10
\c@parentequation=\count95
\dspbrk@lvl=\count96
\tag@help=\toks18
\row@=\count97
\column@=\count98
\maxfields@=\count99
\andhelp@=\toks19
\eqnshift@=\dimen112
\alignsep@=\dimen113
\tagshift@=\dimen114
\tagwidth@=\dimen115
\totwidth@=\dimen116
\lineht@=\dimen117
\@envbody=\toks20
\multlinegap=\skip45
\multlinetaggap=\skip46
\mathdisplay@stack=\toks21
LaTeX Info: Redefining \[ on input line 2665.
LaTeX Info: Redefining \] on input line 2666.
)
("C:\Program Files (x86)\MiKTeX 2.9\tex\latex\amsfonts\amsfonts.sty"
Package: amsfonts 2013/01/14 v3.01 Basic AMSFonts support
\symAMSa=\mathgroup4
\symAMSb=\mathgroup5
LaTeX Font Info:    Overwriting math alphabet `\mathfrak' in version `bold'
(Font)                  U/euf/m/n --> U/euf/b/n on input line 106.
)
("C:\Program Files (x86)\MiKTeX 2.9\tex\latex\amsfonts\amssymb.sty"
Package: amssymb 2013/01/14 v3.01 AMS font symbols
)
("C:\Program Files (x86)\MiKTeX 2.9\tex\latex\upquote\upquote.sty"
Package: upquote 2012/04/19 v1.3 upright-quote and grave-accent glyphs in verba
tim
)
("C:\Users\Ery\Desktop\PDF R\Guia7.aux")
LaTeX Font Info:    Checking defaults for OML/cmm/m/it on input line 58.
LaTeX Font Info:    ... okay on input line 58.
LaTeX Font Info:    Checking defaults for T1/cmr/m/n on input line 58.
LaTeX Font Info:    ... okay on input line 58.
LaTeX Font Info:    Checking defaults for OT1/cmr/m/n on input line 58.
LaTeX Font Info:    ... okay on input line 58.
LaTeX Font Info:    Checking defaults for OMS/cmsy/m/n on input line 58.
LaTeX Font Info:    ... okay on input line 58.
LaTeX Font Info:    Checking defaults for OMX/cmex/m/n on input line 58.
LaTeX Font Info:    ... okay on input line 58.
LaTeX Font Info:    Checking defaults for U/cmr/m/n on input line 58.
LaTeX Font Info:    ... okay on input line 58.

("C:\Program Files (x86)\MiKTeX 2.9\tex\context\base\supp-pdf.mkii"
[Loading MPS to PDF converter (version 2006.09.02).]
\scratchcounter=\count100
\scratchdimen=\dimen118
\scratchbox=\box28
\nofMPsegments=\count101
\nofMParguments=\count102
\everyMPshowfont=\toks22
\MPscratchCnt=\count103
\MPscratchDim=\dimen119
\MPnumerator=\count104
\makeMPintoPDFobject=\count105
\everyMPtoPDFconversion=\toks23
)
LaTeX Font Info:    Try loading font information for U+msa on input line 60.
 ("C:\Program Files (x86)\MiKTeX 2.9\tex\latex\amsfonts\umsa.fd"
File: umsa.fd 2013/01/14 v3.01 AMS symbols A
)
LaTeX Font Info:    Try loading font information for U+msb on input line 60.

("C:\Program Files (x86)\MiKTeX 2.9\tex\latex\amsfonts\umsb.fd"
File: umsb.fd 2013/01/14 v3.01 AMS symbols B
) [1

{C:/ProgramData/MiKTeX/2.9/pdftex/config/pdftex.map}]
Package color Info: Redefining color shadecolor on input line 66.
LaTeX Font Info:    Font shape `OT1/cmtt/bx/n' in size <10> not available
(Font)              Font shape `OT1/cmtt/m/n' tried instead on input line 68.
Package color Info: Redefining color shadecolor on input line 87.
Package color Info: Redefining color shadecolor on input line 96.
Package color Info: Redefining color shadecolor on input line 115.

Overfull \hbox (38.24666pt too wide) in paragraph at lines 117--117
[][]\OT1/cmtt/m/n/10 X[] []<-[] []scan[][]([][]"Hijos.txt"[][],[] []what[] []=[
] []integer[][]([][]0[][]),[] []na.strings[] []=[] []"NA"[][],[] []flush[][]=[]
[]FALSE[][])[][] 
 []

Package color Info: Redefining color shadecolor on input line 129.
LaTeX Font Info:    Try loading font information for OMS+cmtt on input line 132
.
(C:/PROGRA~1/R/R-32~1.2/share/texmf/tex/latex\omscmtt.fd
File: omscmtt.fd 
)
LaTeX Font Info:    Font shape `OMS/cmtt/m/n' in size <10> not available
(Font)              Font shape `OMS/cmsy/m/n' tried instead on input line 132.

Overfull \hbox (95.74622pt too wide) in paragraph at lines 131--132
[][]\OT1/cmtt/m/n/10 stripchart[][](X,[] []method[][]=[][]"stack"[][],[] []vert
ical[][]=[][]FALSE[][],[] []col[][]=[][]"blue"[][],[] []pch[][]=[][]1[][],[] []
main[][]=[][]"Gr[]A!`fico de\OMS/cmsy/m/n/10 n\OT1/cmtt/m/n/10 n[] 
 []

<figure/unnamed-chunk-5-1.pdf, id=8, 505.89pt x 505.89pt>
File: figure/unnamed-chunk-5-1.pdf Graphic file (type pdf)

<use figure/unnamed-chunk-5-1.pdf>
Package pdftex.def Info: figure/unnamed-chunk-5-1.pdf used on input line 135.
(pdftex.def)             Requested size: 345.0pt x 345.00414pt.

Overfull \hbox (15.0pt too wide) in paragraph at lines 135--136
[][] 
 []

[2]
Package color Info: Redefining color shadecolor on input line 143.
 [3 <C:/Users/Ery/Desktop/PDF R/figure/unnamed-chunk-5-1.pdf>]
Package color Info: Redefining color shadecolor on input line 179.

Overfull \hbox (122.24593pt too wide) in paragraph at lines 192--192
[][]\OT1/cmtt/m/n/10 tfre[] []<-[] []data.frame[][]([][]X[][]=tabla[][]$[][]X,[
] []fab[][]=tabla[][]$[][]fab,[] []fre[][]=tabla[][]$[][]fre,[] []Fac[][]=tabla
[][]$[][]Fac,[] []Far[][]=tabla[][]$[][]Far)[][] 
 []

Package color Info: Redefining color shadecolor on input line 206.
Package color Info: Redefining color shadecolor on input line 231.
Package color Info: Redefining color shadecolor on input line 249.
Package color Info: Redefining color shadecolor on input line 262.
[4]
Package color Info: Redefining color shadecolor on input line 275.
Package color Info: Redefining color shadecolor on input line 287.
Package color Info: Redefining color shadecolor on input line 301.

Overfull \hbox (147.2146pt too wide) in paragraph at lines 303--303
[]  []\OT1/cmtt/m/n/10 barplot[][](tfre[[[][]2[][]]],[] []main[][]=[][]"Gr[]A!`
fico de barras"[][],[] []xlab[][]=[][]"X = N[]A$[]$mero Hijos\OMS/cmsy/m/n/10 n
\OT1/cmtt/m/n/10 n"[][],[] []ylab[][]=[][]"frecuencia"[][],[][] 
 []


Overfull \hbox (106.49606pt too wide) in paragraph at lines 304--304
[]          []\OT1/cmtt/m/n/10 col[][]=[][]c[][]([][]"black"[][],[] []"blue"[][
],[] []"purple"[][],[] []"white"[][],[] []"cyan"[][],[] []"red"[][]),[] []sub[]
[]=[][]"Agosto-2012"[][])[][] 
 []

<figure/unnamed-chunk-14-1.pdf, id=28, 505.89pt x 505.89pt>
File: figure/unnamed-chunk-14-1.pdf Graphic file (type pdf)

<use figure/unnamed-chunk-14-1.pdf>
Package pdftex.def Info: figure/unnamed-chunk-14-1.pdf used on input line 307.
(pdftex.def)             Requested size: 345.0pt x 345.00414pt.

Overfull \hbox (15.0pt too wide) in paragraph at lines 307--308
[][] 
 []

[5]
Package color Info: Redefining color shadecolor on input line 314.

Overfull \hbox (10.71579pt too wide) in paragraph at lines 316--316
[]  []\OT1/cmtt/m/n/10 pie[][](tfre[[[][]2[][]]],[] []main[][]=[][]"Gr[]A!`fico
 de pastel"[][],[] []xlab[][]=[][]"N[]A$[]$mero Hijos \OMS/cmsy/m/n/10 n\OT1/cm
tt/m/n/10 n"[][],[][] 
 []


Overfull \hbox (85.49625pt too wide) in paragraph at lines 317--317
[]      []\OT1/cmtt/m/n/10 col[][]=[][]c[][]([][]"black"[][],[] []"blue"[][],[]
 []"purple"[][],[] []"white"[][],[] []"cyan"[][],[] []"red"[][]),[] []sub[][]=[
][]"Agosto-2012"[][])[][] 
 []

<figure/unnamed-chunk-15-1.pdf, id=32, 505.89pt x 505.89pt>
File: figure/unnamed-chunk-15-1.pdf Graphic file (type pdf)

<use figure/unnamed-chunk-15-1.pdf>
Package pdftex.def Info: figure/unnamed-chunk-15-1.pdf used on input line 320.
(pdftex.def)             Requested size: 345.0pt x 345.00414pt.

Overfull \hbox (15.0pt too wide) in paragraph at lines 320--321
[][] 
 []

[6 <C:/Users/Ery/Desktop/PDF R/figure/unnamed-chunk-14-1.pdf>]
Package color Info: Redefining color shadecolor on input line 327.

Overfull \hbox (1.49698pt too wide) in paragraph at lines 333--333
[]\OT1/cmtt/m/n/10 ## Error in names(fab) = c("Cero", "Uno", "Dos", "Tres", "Cu
atro",
 []


Overfull \hbox (6.74693pt too wide) in paragraph at lines 333--333
\OT1/cmtt/m/n/10 "Cinco"): el atributo 'names' [6] debe tener la misma longitud
 que
 []


Overfull \hbox (105.21497pt too wide) in paragraph at lines 334--334
[][]\OT1/cmtt/m/n/10 pie[][](fab,[] []main[][]=[][]"Gr[]A!`fico de pastel"[][],
[] []xlab[][]=[][]"X = N[]A$[]$mero Hijos\OMS/cmsy/m/n/10 n\OT1/cmtt/m/n/10 n"[
][],[] []col[][]=[][]c[][]([][]"black"[][],[] []"blue"[][],[][] 
 []


Overfull \hbox (290.24446pt too wide) in paragraph at lines 335--335
[]                                                                    []\OT1/cm
tt/m/n/10 "purple"[][],[] []"white"[][],[] []"cyan"[][],[] []"red"[][]),[] []su
b[][]=[][]"Agosto-2012"[][])[][] 
 []

<figure/unnamed-chunk-16-1.pdf, id=42, 505.89pt x 505.89pt>
File: figure/unnamed-chunk-16-1.pdf Graphic file (type pdf)

<use figure/unnamed-chunk-16-1.pdf>
Package pdftex.def Info: figure/unnamed-chunk-16-1.pdf used on input line 338.
(pdftex.def)             Requested size: 345.0pt x 345.00414pt.

Overfull \hbox (15.0pt too wide) in paragraph at lines 338--339
[][] 
 []

[7 <C:/Users/Ery/Desktop/PDF R/figure/unnamed-chunk-15-1.pdf>]
Package color Info: Redefining color shadecolor on input line 347.

<figure/unnamed-chunk-17-1.pdf, id=53, 505.89pt x 505.89pt>
File: figure/unnamed-chunk-17-1.pdf Graphic file (type pdf)

<use figure/unnamed-chunk-17-1.pdf>
Package pdftex.def Info: figure/unnamed-chunk-17-1.pdf used on input line 353.
(pdftex.def)             Requested size: 345.0pt x 345.00414pt.

Overfull \hbox (15.0pt too wide) in paragraph at lines 353--354
[][] 
 []

[8 <C:/Users/Ery/Desktop/PDF R/figure/unnamed-chunk-16-1.pdf>] [9 <C:/Users/Ery
/Desktop/PDF R/figure/unnamed-chunk-17-1.pdf>]
("C:\Users\Ery\Desktop\PDF R\Guia7.aux") ) 
Here is how much of TeX's memory you used:
 2249 strings out of 493921
 28868 string characters out of 3144882
 85085 words of memory out of 3000000
 5515 multiletter control sequences out of 15000+200000
 10787 words of font info for 44 fonts, out of 3000000 for 9000
 841 hyphenation exceptions out of 8191
 27i,7n,24p,310b,277s stack positions out of 5000i,500n,10000p,200000b,50000s
<C:/Program Files (x86)/MiKTeX 2.9/fo
nts/type1/public/amsfonts/cm/cmitt10.pfb><C:/Program Files (x86)/MiKTeX 2.9/fon
ts/type1/public/amsfonts/cm/cmr10.pfb><C:/Program Files (x86)/MiKTeX 2.9/fonts/
type1/public/amsfonts/cm/cmr12.pfb><C:/Program Files (x86)/MiKTeX 2.9/fonts/typ
e1/public/amsfonts/cm/cmr17.pfb><C:/Program Files (x86)/MiKTeX 2.9/fonts/type1/
public/amsfonts/cm/cmsy10.pfb><C:/Program Files (x86)/MiKTeX 2.9/fonts/type1/pu
blic/amsfonts/cm/cmtt10.pfb><C:/Program Files (x86)/MiKTeX 2.9/fonts/type1/publ
ic/amsfonts/cm/cmtt8.pfb>
Output written on Guia7.pdf (9 pages, 112129 bytes).
PDF statistics:
 95 PDF objects out of 1000 (max. 8388607)
 0 named destinations out of 1000 (max. 500000)
 26 words of extra memory for PDF output out of 10000 (max. 10000000)

